000 (11580662.000.000) 2026-04-01 09:58:38 Job submitted from host: <10.128.10.103:9618?addrs=10.128.10.103-9618&alias=npx-submitter.icecube.wisc.edu&noUDP&sock=schedd_2477_982d>
...
001 (11580662.000.000) 2026-04-01 09:58:42 Job executing on host: <10.128.11.104:42467?addrs=10.128.11.104-42467&alias=n-r720-45.icecube.wisc.edu>
	SlotName: slot1_7@n-r720-45.icecube.wisc.edu
	admin_mutex_1 = 0
	admin_mutex_2 = 0
	admin_mutex_3 = 0
	CondorScratchDir = "/scratch/condor/dir_1195752"
	Cpus = 1
	Disk = 1002117
	GPUs = 0
	machine_token = 0
	Memory = 1024
...
006 (11580662.000.000) 2026-04-01 09:58:56 Image size of job updated: 48728
	48  -  MemoryUsage of job (MB)
	48728  -  ResidentSetSize of job (KB)
...
006 (11580662.000.000) 2026-04-01 10:03:57 Image size of job updated: 83340
	82  -  MemoryUsage of job (MB)
	83340  -  ResidentSetSize of job (KB)
...
006 (11580662.000.000) 2026-04-01 10:08:57 Image size of job updated: 83720
	82  -  MemoryUsage of job (MB)
	83720  -  ResidentSetSize of job (KB)
...
006 (11580662.000.000) 2026-04-01 10:13:57 Image size of job updated: 84060
	83  -  MemoryUsage of job (MB)
	84060  -  ResidentSetSize of job (KB)
...
006 (11580662.000.000) 2026-04-01 11:14:03 Image size of job updated: 86592
	85  -  MemoryUsage of job (MB)
	86592  -  ResidentSetSize of job (KB)
...
005 (11580662.000.000) 2026-04-01 15:12:35 Job terminated.
	(1) Normal termination (return value 0)
		Usr 0 00:19:52, Sys 0 00:01:25  -  Run Remote Usage
		Usr 0 00:00:00, Sys 0 00:00:00  -  Run Local Usage
		Usr 0 00:19:52, Sys 0 00:01:25  -  Total Remote Usage
		Usr 0 00:00:00, Sys 0 00:00:00  -  Total Local Usage
	0  -  Run Bytes Sent By Job
	0  -  Run Bytes Received By Job
	0  -  Total Bytes Sent By Job
	0  -  Total Bytes Received By Job
	Partitionable Resources :    Usage  Request Allocated 
	   admin_mutex_1         :                           0 
	   admin_mutex_2         :                           0 
	   admin_mutex_3         :                           0 
	   Cpus                  :     0.04        1         1 
	   Disk (KB)             :     1     1000000   1002117 
	   GPUs                  :                           0 
	   machine_token         :                           0 
	   Memory (MB)           :    85        1000      1024 
	   TimeExecute (s)       : 18833                       
	   TimeSlotBusy (s)      : 18833                       

	Job terminated of its own accord at 2026-04-01T20:12:35Z with exit-code 0.
...
