000 (11581520.000.000) 2026-04-01 10:10:08 Job submitted from host: <10.128.10.103:9618?addrs=10.128.10.103-9618&alias=npx-submitter.icecube.wisc.edu&noUDP&sock=schedd_2477_982d>
...
001 (11581520.000.000) 2026-04-01 10:10:26 Job executing on host: <10.128.10.208:35337?addrs=10.128.10.208-35337&alias=n-gpu-50.icecube.wisc.edu>
	SlotName: slot1_12@n-gpu-50.icecube.wisc.edu
	admin_mutex_1 = 0
	admin_mutex_2 = 0
	admin_mutex_3 = 0
	AvailableGPUs = {  }
	CondorScratchDir = "/scratch/condor/dir_58957"
	Cpus = 1
	Disk = 1001472
	GPUs = 0
	machine_token = 0
	Memory = 1024
...
006 (11581520.000.000) 2026-04-01 10:10:39 Image size of job updated: 45172
	45  -  MemoryUsage of job (MB)
	45172  -  ResidentSetSize of job (KB)
...
006 (11581520.000.000) 2026-04-01 10:15:39 Image size of job updated: 83444
	82  -  MemoryUsage of job (MB)
	83444  -  ResidentSetSize of job (KB)
...
006 (11581520.000.000) 2026-04-01 10:20:39 Image size of job updated: 83832
	82  -  MemoryUsage of job (MB)
	83832  -  ResidentSetSize of job (KB)
...
006 (11581520.000.000) 2026-04-01 10:25:40 Image size of job updated: 84148
	83  -  MemoryUsage of job (MB)
	84148  -  ResidentSetSize of job (KB)
...
006 (11581520.000.000) 2026-04-01 11:55:48 Image size of job updated: 86692
	85  -  MemoryUsage of job (MB)
	86692  -  ResidentSetSize of job (KB)
...
005 (11581520.000.000) 2026-04-01 23:36:36 Job terminated.
	(1) Normal termination (return value 0)
		Usr 0 00:13:54, Sys 0 00:00:55  -  Run Remote Usage
		Usr 0 00:00:00, Sys 0 00:00:00  -  Run Local Usage
		Usr 0 00:13:54, Sys 0 00:00:55  -  Total Remote Usage
		Usr 0 00:00:00, Sys 0 00:00:00  -  Total Local Usage
	0  -  Run Bytes Sent By Job
	0  -  Run Bytes Received By Job
	0  -  Total Bytes Sent By Job
	0  -  Total Bytes Received By Job
	Partitionable Resources :    Usage  Request Allocated 
	   admin_mutex_1         :                           0 
	   admin_mutex_2         :                           0 
	   admin_mutex_3         :                           0 
	   Cpus                  :     0.01        1         1 
	   Disk (KB)             :     1     1000000   1001472 
	   GPUs                  :                           0 
	   machine_token         :                           0 
	   Memory (MB)           :    85        1000      1024 
	   TimeExecute (s)       : 48370                       
	   TimeSlotBusy (s)      : 48370                       

	Job terminated of its own accord at 2026-04-02T04:36:36Z with exit-code 0.
...
