000 (11577685.000.000) 2026-04-01 09:49:16 Job submitted from host: <10.128.10.103:9618?addrs=10.128.10.103-9618&alias=npx-submitter.icecube.wisc.edu&noUDP&sock=schedd_2477_982d>
...
001 (11577685.000.000) 2026-04-01 09:49:33 Job executing on host: <10.128.10.206:40401?addrs=10.128.10.206-40401&alias=sm-storage-1.icecube.wisc.edu>
	SlotName: slot1_46@sm-storage-1.icecube.wisc.edu
	admin_mutex_1 = 0
	admin_mutex_2 = 0
	admin_mutex_3 = 0
	CondorScratchDir = "/scratch/condor/dir_3770724"
	Cpus = 1
	Disk = 1001472
	GPUs = 0
	machine_token = 0
	Memory = 1024
...
006 (11577685.000.000) 2026-04-01 09:49:47 Image size of job updated: 43800
	43  -  MemoryUsage of job (MB)
	43800  -  ResidentSetSize of job (KB)
...
006 (11577685.000.000) 2026-04-01 09:54:47 Image size of job updated: 83452
	82  -  MemoryUsage of job (MB)
	83452  -  ResidentSetSize of job (KB)
...
006 (11577685.000.000) 2026-04-01 09:59:47 Image size of job updated: 83844
	82  -  MemoryUsage of job (MB)
	83844  -  ResidentSetSize of job (KB)
...
006 (11577685.000.000) 2026-04-01 10:04:48 Image size of job updated: 84148
	83  -  MemoryUsage of job (MB)
	84148  -  ResidentSetSize of job (KB)
...
006 (11577685.000.000) 2026-04-01 11:45:01 Image size of job updated: 86696
	85  -  MemoryUsage of job (MB)
	86696  -  ResidentSetSize of job (KB)
...
005 (11577685.000.000) 2026-04-01 14:51:16 Job terminated.
	(1) Normal termination (return value 0)
		Usr 0 00:19:01, Sys 0 00:01:14  -  Run Remote Usage
		Usr 0 00:00:00, Sys 0 00:00:00  -  Run Local Usage
		Usr 0 00:19:01, Sys 0 00:01:14  -  Total Remote Usage
		Usr 0 00:00:00, Sys 0 00:00:00  -  Total Local Usage
	0  -  Run Bytes Sent By Job
	0  -  Run Bytes Received By Job
	0  -  Total Bytes Sent By Job
	0  -  Total Bytes Received By Job
	Partitionable Resources :    Usage  Request Allocated 
	   admin_mutex_1         :                           0 
	   admin_mutex_2         :                           0 
	   admin_mutex_3         :                           0 
	   Cpus                  :     0.03        1         1 
	   Disk (KB)             :     1     1000000   1001472 
	   GPUs                  :                           0 
	   machine_token         :                           0 
	   Memory (MB)           :    85        1000      1024 
	   TimeExecute (s)       : 18103                       
	   TimeSlotBusy (s)      : 18103                       

	Job terminated of its own accord at 2026-04-01T19:51:16Z with exit-code 0.
...
