000 (235156342.000.000) 2025-07-24 13:18:49 Job submitted from host: <10.128.11.86:49619?addrs=10.128.11.86-49619&alias=submit-1.icecube.wisc.edu>
...
001 (235156342.000.000) 2025-07-24 13:19:00 Job executing on host: <10.128.11.45:47953?addrs=10.128.11.45-47953&alias=c9-6.icecube.wisc.edu>
...
006 (235156342.000.000) 2025-07-24 13:19:09 Image size of job updated: 95860
	85  -  MemoryUsage of job (MB)
	86752  -  ResidentSetSize of job (KB)
...
006 (235156342.000.000) 2025-07-24 13:24:10 Image size of job updated: 398440
	85  -  MemoryUsage of job (MB)
	86884  -  ResidentSetSize of job (KB)
...
006 (235156342.000.000) 2025-07-24 13:44:12 Image size of job updated: 398440
	85  -  MemoryUsage of job (MB)
	87016  -  ResidentSetSize of job (KB)
...
006 (235156342.000.000) 2025-07-24 17:39:36 Image size of job updated: 398824
	86  -  MemoryUsage of job (MB)
	87412  -  ResidentSetSize of job (KB)
...
005 (235156342.000.000) 2025-07-24 17:54:38 Job terminated.
	(1) Normal termination (return value 0)
		Usr 0 00:25:13, Sys 0 00:01:13  -  Run Remote Usage
		Usr 0 00:00:00, Sys 0 00:00:00  -  Run Local Usage
		Usr 0 00:25:13, Sys 0 00:01:13  -  Total Remote Usage
		Usr 0 00:00:00, Sys 0 00:00:00  -  Total Local Usage
	0  -  Run Bytes Sent By Job
	0  -  Run Bytes Received By Job
	0  -  Total Bytes Sent By Job
	0  -  Total Bytes Received By Job
	Partitionable Resources :    Usage  Request Allocated 
	   admin_mutex_1         :                           0 
	   admin_mutex_2         :                           0 
	   admin_mutex_3         :                           0 
	   Cpus                  :     0.09        1         1 
	   Disk (KB)             :     1     1000000   3320883 
	   GPUs                  :                           0 
	   machine_token         :                           0 
	   Memory (MB)           :    86        1000      1024 

	Job terminated of its own accord at 2025-07-24T22:54:38Z.
...
000 (235226209.000.000) 2025-07-25 09:37:52 Job submitted from host: <10.128.11.86:49619?addrs=10.128.11.86-49619&alias=submit-1.icecube.wisc.edu>
...
001 (235226209.000.000) 2025-07-25 09:38:33 Job executing on host: <10.128.10.20:34690?addrs=10.128.10.20-34690&alias=n-110.icecube.wisc.edu>
...
006 (235226209.000.000) 2025-07-25 09:38:42 Image size of job updated: 99592
	77  -  MemoryUsage of job (MB)
	78076  -  ResidentSetSize of job (KB)
...
006 (235226209.000.000) 2025-07-25 09:43:43 Image size of job updated: 395876
	85  -  MemoryUsage of job (MB)
	86244  -  ResidentSetSize of job (KB)
...
006 (235226209.000.000) 2025-07-25 09:48:44 Image size of job updated: 395876
	85  -  MemoryUsage of job (MB)
	86376  -  ResidentSetSize of job (KB)
...
006 (235226209.000.000) 2025-07-25 12:23:58 Image size of job updated: 395876
	85  -  MemoryUsage of job (MB)
	86392  -  ResidentSetSize of job (KB)
...
006 (235226209.000.000) 2025-07-25 13:34:05 Image size of job updated: 395876
	85  -  MemoryUsage of job (MB)
	86436  -  ResidentSetSize of job (KB)
...
006 (235226209.000.000) 2025-07-25 14:14:10 Image size of job updated: 395876
	85  -  MemoryUsage of job (MB)
	86468  -  ResidentSetSize of job (KB)
...
006 (235226209.000.000) 2025-07-25 14:24:11 Image size of job updated: 395876
	85  -  MemoryUsage of job (MB)
	86608  -  ResidentSetSize of job (KB)
...
006 (235226209.000.000) 2025-07-25 14:29:11 Image size of job updated: 395876
	85  -  MemoryUsage of job (MB)
	86872  -  ResidentSetSize of job (KB)
...
006 (235226209.000.000) 2025-07-25 14:32:11 Image size of job updated: 396264
	85  -  MemoryUsage of job (MB)
	86872  -  ResidentSetSize of job (KB)
...
005 (235226209.000.000) 2025-07-25 14:32:11 Job terminated.
	(1) Normal termination (return value 0)
		Usr 0 00:26:51, Sys 0 00:01:19  -  Run Remote Usage
		Usr 0 00:00:00, Sys 0 00:00:00  -  Run Local Usage
		Usr 0 00:26:51, Sys 0 00:01:19  -  Total Remote Usage
		Usr 0 00:00:00, Sys 0 00:00:00  -  Total Local Usage
	0  -  Run Bytes Sent By Job
	0  -  Run Bytes Received By Job
	0  -  Total Bytes Sent By Job
	0  -  Total Bytes Received By Job
	Partitionable Resources :    Usage  Request Allocated 
	   admin_mutex_1         :                           0 
	   admin_mutex_2         :                           0 
	   admin_mutex_3         :                           0 
	   Cpus                  :     0.10        1         1 
	   Disk (KB)             :     1     1000000   1165874 
	   GPUs                  :                           0 
	   machine_token         :                           0 
	   Memory (MB)           :    85        1000      1024 

	Job terminated of its own accord at 2025-07-25T19:32:11Z.
...
000 (239735718.000.000) 2025-10-10 23:17:54 Job submitted from host: <10.128.11.86:45277?addrs=10.128.11.86-45277&alias=submit-1.icecube.wisc.edu>
...
001 (239735718.000.000) 2025-10-10 23:19:39 Job executing on host: <10.128.10.161:36806?addrs=10.128.10.161-36806&alias=gtx-26.icecube.wisc.edu>
...
006 (239735718.000.000) 2025-10-10 23:19:47 Image size of job updated: 355852
	84  -  MemoryUsage of job (MB)
	85416  -  ResidentSetSize of job (KB)
...
006 (239735718.000.000) 2025-10-10 23:24:47 Image size of job updated: 398440
	84  -  MemoryUsage of job (MB)
	85944  -  ResidentSetSize of job (KB)
...
006 (239735718.000.000) 2025-10-10 23:29:48 Image size of job updated: 398440
	85  -  MemoryUsage of job (MB)
	86472  -  ResidentSetSize of job (KB)
...
006 (239735718.000.000) 2025-10-10 23:34:49 Image size of job updated: 398440
	85  -  MemoryUsage of job (MB)
	87000  -  ResidentSetSize of job (KB)
...
006 (239735718.000.000) 2025-10-11 00:04:52 Image size of job updated: 398440
	86  -  MemoryUsage of job (MB)
	87132  -  ResidentSetSize of job (KB)
...
005 (239735718.000.000) 2025-10-11 04:13:08 Job terminated.
	(1) Normal termination (return value 0)
		Usr 0 00:19:46, Sys 0 00:01:03  -  Run Remote Usage
		Usr 0 00:00:00, Sys 0 00:00:00  -  Run Local Usage
		Usr 0 00:19:46, Sys 0 00:01:03  -  Total Remote Usage
		Usr 0 00:00:00, Sys 0 00:00:00  -  Total Local Usage
	0  -  Run Bytes Sent By Job
	0  -  Run Bytes Received By Job
	0  -  Total Bytes Sent By Job
	0  -  Total Bytes Received By Job
	Partitionable Resources :    Usage  Request Allocated 
	   admin_mutex_1         :                           0 
	   admin_mutex_2         :                           0 
	   admin_mutex_3         :                           0 
	   Cpus                  :     0.07        1         1 
	   Disk (KB)             :     1     1000000   1583775 
	   GPUs                  :                           0 
	   machine_token         :                           0 
	   Memory (MB)           :    86        1000      1024 

	Job terminated of its own accord at 2025-10-11T09:13:08Z.
...
000 (10032663.000.000) 2026-03-20 14:54:15 Job submitted from host: <10.128.10.103:9618?addrs=10.128.10.103-9618&alias=npx-submitter.icecube.wisc.edu&noUDP&sock=schedd_2477_982d>
...
001 (10032663.000.000) 2026-03-20 14:54:41 Job executing on host: <10.128.11.104:42467?addrs=10.128.11.104-42467&alias=n-r720-45.icecube.wisc.edu>
	SlotName: slot1_24@n-r720-45.icecube.wisc.edu
	admin_mutex_1 = 0
	admin_mutex_2 = 0
	admin_mutex_3 = 0
	CondorScratchDir = "/scratch/condor/dir_92701"
	Cpus = 1
	Disk = 1002117
	GPUs = 0
	machine_token = 0
	Memory = 1024
...
006 (10032663.000.000) 2026-03-20 14:54:46 Image size of job updated: 144
	0  -  MemoryUsage of job (MB)
	0  -  ResidentSetSize of job (KB)
...
005 (10032663.000.000) 2026-03-20 14:54:46 Job terminated.
	(1) Normal termination (return value 0)
		Usr 0 00:00:00, Sys 0 00:00:00  -  Run Remote Usage
		Usr 0 00:00:00, Sys 0 00:00:00  -  Run Local Usage
		Usr 0 00:00:00, Sys 0 00:00:00  -  Total Remote Usage
		Usr 0 00:00:00, Sys 0 00:00:00  -  Total Local Usage
	0  -  Run Bytes Sent By Job
	0  -  Run Bytes Received By Job
	0  -  Total Bytes Sent By Job
	0  -  Total Bytes Received By Job
	Partitionable Resources :    Usage  Request Allocated 
	   admin_mutex_1         :                           0 
	   admin_mutex_2         :                           0 
	   admin_mutex_3         :                           0 
	   Cpus                  :        0        1         1 
	   Disk (KB)             :        1  1000000   1002117 
	   GPUs                  :                           0 
	   machine_token         :                           0 
	   Memory (MB)           :        0     1000      1024 
	   TimeExecute (s)       :        5                    
	   TimeSlotBusy (s)      :        5                    

	Job terminated of its own accord at 2026-03-20T19:54:46Z with exit-code 0.
...
000 (10034133.000.000) 2026-03-20 15:17:00 Job submitted from host: <10.128.10.103:9618?addrs=10.128.10.103-9618&alias=npx-submitter.icecube.wisc.edu&noUDP&sock=schedd_2477_982d>
...
001 (10034133.000.000) 2026-03-20 15:17:28 Job executing on host: <10.128.10.208:46465?addrs=10.128.10.208-46465&alias=n-gpu-50.icecube.wisc.edu>
	SlotName: slot1_14@n-gpu-50.icecube.wisc.edu
	admin_mutex_1 = 0
	admin_mutex_2 = 0
	admin_mutex_3 = 0
	AvailableGPUs = {  }
	CondorScratchDir = "/scratch/condor/dir_2566624"
	Cpus = 1
	Disk = 1001472
	GPUs = 0
	machine_token = 0
	Memory = 1024
...
006 (10034133.000.000) 2026-03-20 15:17:33 Image size of job updated: 144
	0  -  MemoryUsage of job (MB)
	0  -  ResidentSetSize of job (KB)
...
005 (10034133.000.000) 2026-03-20 15:17:33 Job terminated.
	(1) Normal termination (return value 0)
		Usr 0 00:00:00, Sys 0 00:00:00  -  Run Remote Usage
		Usr 0 00:00:00, Sys 0 00:00:00  -  Run Local Usage
		Usr 0 00:00:00, Sys 0 00:00:00  -  Total Remote Usage
		Usr 0 00:00:00, Sys 0 00:00:00  -  Total Local Usage
	0  -  Run Bytes Sent By Job
	0  -  Run Bytes Received By Job
	0  -  Total Bytes Sent By Job
	0  -  Total Bytes Received By Job
	Partitionable Resources :    Usage  Request Allocated 
	   admin_mutex_1         :                           0 
	   admin_mutex_2         :                           0 
	   admin_mutex_3         :                           0 
	   Cpus                  :        0        1         1 
	   Disk (KB)             :        1  1000000   1001472 
	   GPUs                  :                           0 
	   machine_token         :                           0 
	   Memory (MB)           :        0     1000      1024 
	   TimeExecute (s)       :        5                    
	   TimeSlotBusy (s)      :        5                    

	Job terminated of its own accord at 2026-03-20T20:17:33Z with exit-code 0.
...
000 (10037513.000.000) 2026-03-20 16:10:39 Job submitted from host: <10.128.10.103:9618?addrs=10.128.10.103-9618&alias=npx-submitter.icecube.wisc.edu&noUDP&sock=schedd_2477_982d>
...
001 (10037513.000.000) 2026-03-20 16:11:10 Job executing on host: <10.128.11.112:41009?addrs=10.128.11.112-41009&alias=n-r720-53.icecube.wisc.edu>
	SlotName: slot1_21@n-r720-53.icecube.wisc.edu
	admin_mutex_1 = 0
	admin_mutex_2 = 0
	admin_mutex_3 = 0
	CondorScratchDir = "/scratch/condor/dir_2772669"
	Cpus = 1
	Disk = 1002117
	GPUs = 0
	machine_token = 0
	Memory = 1024
...
006 (10037513.000.000) 2026-03-20 16:11:15 Image size of job updated: 16
	0  -  MemoryUsage of job (MB)
	0  -  ResidentSetSize of job (KB)
...
005 (10037513.000.000) 2026-03-20 16:11:16 Job terminated.
	(1) Normal termination (return value 0)
		Usr 0 00:00:00, Sys 0 00:00:00  -  Run Remote Usage
		Usr 0 00:00:00, Sys 0 00:00:00  -  Run Local Usage
		Usr 0 00:00:00, Sys 0 00:00:00  -  Total Remote Usage
		Usr 0 00:00:00, Sys 0 00:00:00  -  Total Local Usage
	0  -  Run Bytes Sent By Job
	0  -  Run Bytes Received By Job
	0  -  Total Bytes Sent By Job
	0  -  Total Bytes Received By Job
	Partitionable Resources :    Usage  Request Allocated 
	   admin_mutex_1         :                           0 
	   admin_mutex_2         :                           0 
	   admin_mutex_3         :                           0 
	   Cpus                  :        0        1         1 
	   Disk (KB)             :        1  1000000   1002117 
	   GPUs                  :                           0 
	   machine_token         :                           0 
	   Memory (MB)           :        0     1000      1024 
	   TimeExecute (s)       :        5                    
	   TimeSlotBusy (s)      :        6                    

	Job terminated of its own accord at 2026-03-20T21:11:15Z with exit-code 0.
...
000 (10037909.000.000) 2026-03-20 16:16:23 Job submitted from host: <10.128.10.103:9618?addrs=10.128.10.103-9618&alias=npx-submitter.icecube.wisc.edu&noUDP&sock=schedd_2477_982d>
...
001 (10037909.000.000) 2026-03-20 16:16:40 Job executing on host: <10.128.11.112:41009?addrs=10.128.11.112-41009&alias=n-r720-53.icecube.wisc.edu>
	SlotName: slot1_21@n-r720-53.icecube.wisc.edu
	admin_mutex_1 = 0
	admin_mutex_2 = 0
	admin_mutex_3 = 0
	CondorScratchDir = "/scratch/condor/dir_2790213"
	Cpus = 1
	Disk = 1002117
	GPUs = 0
	machine_token = 0
	Memory = 1024
...
006 (10037909.000.000) 2026-03-20 16:16:46 Image size of job updated: 16
	0  -  MemoryUsage of job (MB)
	0  -  ResidentSetSize of job (KB)
...
005 (10037909.000.000) 2026-03-20 16:16:46 Job terminated.
	(1) Normal termination (return value 0)
		Usr 0 00:00:00, Sys 0 00:00:00  -  Run Remote Usage
		Usr 0 00:00:00, Sys 0 00:00:00  -  Run Local Usage
		Usr 0 00:00:00, Sys 0 00:00:00  -  Total Remote Usage
		Usr 0 00:00:00, Sys 0 00:00:00  -  Total Local Usage
	0  -  Run Bytes Sent By Job
	0  -  Run Bytes Received By Job
	0  -  Total Bytes Sent By Job
	0  -  Total Bytes Received By Job
	Partitionable Resources :    Usage  Request Allocated 
	   admin_mutex_1         :                           0 
	   admin_mutex_2         :                           0 
	   admin_mutex_3         :                           0 
	   Cpus                  :        0        1         1 
	   Disk (KB)             :        1  1000000   1002117 
	   GPUs                  :                           0 
	   machine_token         :                           0 
	   Memory (MB)           :        0     1000      1024 
	   TimeExecute (s)       :        6                    
	   TimeSlotBusy (s)      :        6                    

	Job terminated of its own accord at 2026-03-20T21:16:46Z with exit-code 0.
...
000 (10040410.000.000) 2026-03-20 16:54:41 Job submitted from host: <10.128.10.103:9618?addrs=10.128.10.103-9618&alias=npx-submitter.icecube.wisc.edu&noUDP&sock=schedd_2477_982d>
...
001 (10040410.000.000) 2026-03-20 16:54:58 Job executing on host: <10.128.10.211:35337?addrs=10.128.10.211-35337&alias=n-gpu-53.icecube.wisc.edu>
	SlotName: slot1_14@n-gpu-53.icecube.wisc.edu
	admin_mutex_1 = 0
	admin_mutex_2 = 0
	admin_mutex_3 = 0
	AvailableGPUs = {  }
	CondorScratchDir = "/scratch/condor/dir_2625117"
	Cpus = 1
	Disk = 1001472
	GPUs = 0
	machine_token = 0
	Memory = 1024
...
006 (10040410.000.000) 2026-03-20 16:55:03 Image size of job updated: 124
	0  -  MemoryUsage of job (MB)
	0  -  ResidentSetSize of job (KB)
...
005 (10040410.000.000) 2026-03-20 16:55:03 Job terminated.
	(1) Normal termination (return value 0)
		Usr 0 00:00:00, Sys 0 00:00:00  -  Run Remote Usage
		Usr 0 00:00:00, Sys 0 00:00:00  -  Run Local Usage
		Usr 0 00:00:00, Sys 0 00:00:00  -  Total Remote Usage
		Usr 0 00:00:00, Sys 0 00:00:00  -  Total Local Usage
	0  -  Run Bytes Sent By Job
	0  -  Run Bytes Received By Job
	0  -  Total Bytes Sent By Job
	0  -  Total Bytes Received By Job
	Partitionable Resources :    Usage  Request Allocated 
	   admin_mutex_1         :                           0 
	   admin_mutex_2         :                           0 
	   admin_mutex_3         :                           0 
	   Cpus                  :        0        1         1 
	   Disk (KB)             :        1  1000000   1001472 
	   GPUs                  :                           0 
	   machine_token         :                           0 
	   Memory (MB)           :        0     1000      1024 
	   TimeExecute (s)       :        5                    
	   TimeSlotBusy (s)      :        5                    

	Job terminated of its own accord at 2026-03-20T21:55:03Z with exit-code 0.
...
000 (10040485.000.000) 2026-03-20 16:55:40 Job submitted from host: <10.128.10.103:9618?addrs=10.128.10.103-9618&alias=npx-submitter.icecube.wisc.edu&noUDP&sock=schedd_2477_982d>
...
001 (10040485.000.000) 2026-03-20 16:56:02 Job executing on host: <10.128.10.208:46465?addrs=10.128.10.208-46465&alias=n-gpu-50.icecube.wisc.edu>
	SlotName: slot1_14@n-gpu-50.icecube.wisc.edu
	admin_mutex_1 = 0
	admin_mutex_2 = 0
	admin_mutex_3 = 0
	AvailableGPUs = {  }
	CondorScratchDir = "/scratch/condor/dir_3040818"
	Cpus = 1
	Disk = 1001472
	GPUs = 0
	machine_token = 0
	Memory = 1024
...
006 (10040485.000.000) 2026-03-20 16:56:08 Image size of job updated: 176
	0  -  MemoryUsage of job (MB)
	0  -  ResidentSetSize of job (KB)
...
005 (10040485.000.000) 2026-03-20 16:56:09 Job terminated.
	(1) Normal termination (return value 0)
		Usr 0 00:00:00, Sys 0 00:00:00  -  Run Remote Usage
		Usr 0 00:00:00, Sys 0 00:00:00  -  Run Local Usage
		Usr 0 00:00:00, Sys 0 00:00:00  -  Total Remote Usage
		Usr 0 00:00:00, Sys 0 00:00:00  -  Total Local Usage
	0  -  Run Bytes Sent By Job
	0  -  Run Bytes Received By Job
	0  -  Total Bytes Sent By Job
	0  -  Total Bytes Received By Job
	Partitionable Resources :    Usage  Request Allocated 
	   admin_mutex_1         :                           0 
	   admin_mutex_2         :                           0 
	   admin_mutex_3         :                           0 
	   Cpus                  :        0        1         1 
	   Disk (KB)             :        1  1000000   1001472 
	   GPUs                  :                           0 
	   machine_token         :                           0 
	   Memory (MB)           :        0     1000      1024 
	   TimeExecute (s)       :        6                    
	   TimeSlotBusy (s)      :        6                    

	Job terminated of its own accord at 2026-03-20T21:56:08Z with exit-code 0.
...
000 (10045741.000.000) 2026-03-20 18:03:23 Job submitted from host: <10.128.10.103:9618?addrs=10.128.10.103-9618&alias=npx-submitter.icecube.wisc.edu&noUDP&sock=schedd_2477_982d>
...
001 (10045741.000.000) 2026-03-20 18:03:41 Job executing on host: <10.128.10.206:40401?addrs=10.128.10.206-40401&alias=sm-storage-1.icecube.wisc.edu>
	SlotName: slot1_21@sm-storage-1.icecube.wisc.edu
	admin_mutex_1 = 0
	admin_mutex_2 = 0
	admin_mutex_3 = 0
	CondorScratchDir = "/scratch/condor/dir_226535"
	Cpus = 1
	Disk = 1001472
	GPUs = 0
	machine_token = 0
	Memory = 1024
...
006 (10045741.000.000) 2026-03-20 18:03:54 Image size of job updated: 83996
	83  -  MemoryUsage of job (MB)
	83996  -  ResidentSetSize of job (KB)
...
006 (10045741.000.000) 2026-03-20 18:08:54 Image size of job updated: 84392
	83  -  MemoryUsage of job (MB)
	84392  -  ResidentSetSize of job (KB)
...
006 (10045741.000.000) 2026-03-20 18:13:54 Image size of job updated: 85580
	84  -  MemoryUsage of job (MB)
	85580  -  ResidentSetSize of job (KB)
...
006 (10045741.000.000) 2026-03-20 18:18:55 Image size of job updated: 85820
	84  -  MemoryUsage of job (MB)
	85820  -  ResidentSetSize of job (KB)
...
006 (10045741.000.000) 2026-03-20 18:28:55 Image size of job updated: 85852
	84  -  MemoryUsage of job (MB)
	85852  -  ResidentSetSize of job (KB)
...
000 (10048526.000.000) 2026-03-20 18:42:34 Job submitted from host: <10.128.10.103:9618?addrs=10.128.10.103-9618&alias=npx-submitter.icecube.wisc.edu&noUDP&sock=schedd_2477_982d>
...
001 (10048526.000.000) 2026-03-20 18:42:51 Job executing on host: <10.128.11.64:46337?addrs=10.128.11.64-46337&alias=n-r710-34.icecube.wisc.edu>
	SlotName: slot1_13@n-r710-34.icecube.wisc.edu
	admin_mutex_1 = 0
	admin_mutex_2 = 0
	admin_mutex_3 = 0
	CondorScratchDir = "/scratch/condor/dir_1604101"
	Cpus = 1
	Disk = 1002181
	GPUs = 0
	machine_token = 0
	Memory = 1024
...
006 (10048526.000.000) 2026-03-20 18:43:04 Image size of job updated: 80308
	79  -  MemoryUsage of job (MB)
	80308  -  ResidentSetSize of job (KB)
...
006 (10048526.000.000) 2026-03-20 18:48:04 Image size of job updated: 82176
	81  -  MemoryUsage of job (MB)
	82176  -  ResidentSetSize of job (KB)
...
006 (10048526.000.000) 2026-03-20 18:53:04 Image size of job updated: 85964
	84  -  MemoryUsage of job (MB)
	85964  -  ResidentSetSize of job (KB)
...
006 (10048526.000.000) 2026-03-20 18:58:05 Image size of job updated: 86356
	85  -  MemoryUsage of job (MB)
	86356  -  ResidentSetSize of job (KB)
...
006 (10048526.000.000) 2026-03-20 19:08:05 Image size of job updated: 86384
	85  -  MemoryUsage of job (MB)
	86384  -  ResidentSetSize of job (KB)
...
006 (10045741.000.000) 2026-03-20 19:39:03 Image size of job updated: 87436
	86  -  MemoryUsage of job (MB)
	87436  -  ResidentSetSize of job (KB)
...
006 (10048526.000.000) 2026-03-20 20:08:11 Image size of job updated: 86400
	85  -  MemoryUsage of job (MB)
	86400  -  ResidentSetSize of job (KB)
...
005 (10045741.000.000) 2026-03-20 22:48:05 Job terminated.
	(1) Normal termination (return value 0)
		Usr 0 00:18:18, Sys 0 00:01:12  -  Run Remote Usage
		Usr 0 00:00:00, Sys 0 00:00:00  -  Run Local Usage
		Usr 0 00:18:18, Sys 0 00:01:12  -  Total Remote Usage
		Usr 0 00:00:00, Sys 0 00:00:00  -  Total Local Usage
	0  -  Run Bytes Sent By Job
	0  -  Run Bytes Received By Job
	0  -  Total Bytes Sent By Job
	0  -  Total Bytes Received By Job
	Partitionable Resources :    Usage  Request Allocated 
	   admin_mutex_1         :                           0 
	   admin_mutex_2         :                           0 
	   admin_mutex_3         :                           0 
	   Cpus                  :     0.07        1         1 
	   Disk (KB)             :     1     1000000   1001472 
	   GPUs                  :                           0 
	   machine_token         :                           0 
	   Memory (MB)           :    86        1000      1024 
	   TimeExecute (s)       : 17065                       
	   TimeSlotBusy (s)      : 17065                       

	Job terminated of its own accord at 2026-03-21T03:48:05Z with exit-code 0.
...
006 (10048526.000.000) 2026-03-20 23:23:29 Image size of job updated: 86416
	85  -  MemoryUsage of job (MB)
	86416  -  ResidentSetSize of job (KB)
...
005 (10048526.000.000) 2026-03-20 23:38:40 Job terminated.
	(1) Normal termination (return value 0)
		Usr 0 00:33:28, Sys 0 00:02:07  -  Run Remote Usage
		Usr 0 00:00:00, Sys 0 00:00:00  -  Run Local Usage
		Usr 0 00:33:28, Sys 0 00:02:07  -  Total Remote Usage
		Usr 0 00:00:00, Sys 0 00:00:00  -  Total Local Usage
	0  -  Run Bytes Sent By Job
	0  -  Run Bytes Received By Job
	0  -  Total Bytes Sent By Job
	0  -  Total Bytes Received By Job
	Partitionable Resources :    Usage  Request Allocated 
	   admin_mutex_1         :                           0 
	   admin_mutex_2         :                           0 
	   admin_mutex_3         :                           0 
	   Cpus                  :     0.11        1         1 
	   Disk (KB)             :     1     1000000   1002181 
	   GPUs                  :                           0 
	   machine_token         :                           0 
	   Memory (MB)           :    85        1000      1024 
	   TimeExecute (s)       : 17749                       
	   TimeSlotBusy (s)      : 17749                       

	Job terminated of its own accord at 2026-03-21T04:38:40Z with exit-code 0.
...
000 (11570970.000.000) 2026-04-01 09:33:12 Job submitted from host: <10.128.10.103:9618?addrs=10.128.10.103-9618&alias=npx-submitter.icecube.wisc.edu&noUDP&sock=schedd_2477_982d>
...
001 (11570970.000.000) 2026-04-01 09:33:24 Job executing on host: <10.128.11.119:45071?addrs=10.128.11.119-45071&alias=n-r720-59.icecube.wisc.edu>
	SlotName: slot1_30@n-r720-59.icecube.wisc.edu
	admin_mutex_1 = 0
	admin_mutex_2 = 0
	admin_mutex_3 = 0
	CondorScratchDir = "/scratch/condor/dir_930989"
	Cpus = 1
	Disk = 1001472
	GPUs = 0
	machine_token = 0
	Memory = 1024
...
006 (11570970.000.000) 2026-04-01 09:33:38 Image size of job updated: 47552
	47  -  MemoryUsage of job (MB)
	47552  -  ResidentSetSize of job (KB)
...
006 (11570970.000.000) 2026-04-01 09:38:39 Image size of job updated: 84328
	83  -  MemoryUsage of job (MB)
	84328  -  ResidentSetSize of job (KB)
...
006 (11570970.000.000) 2026-04-01 09:43:40 Image size of job updated: 85104
	84  -  MemoryUsage of job (MB)
	85104  -  ResidentSetSize of job (KB)
...
006 (11570970.000.000) 2026-04-01 09:48:40 Image size of job updated: 85808
	84  -  MemoryUsage of job (MB)
	85808  -  ResidentSetSize of job (KB)
...
006 (11570970.000.000) 2026-04-01 09:58:42 Image size of job updated: 85824
	84  -  MemoryUsage of job (MB)
	85824  -  ResidentSetSize of job (KB)
...
006 (11570970.000.000) 2026-04-01 11:23:50 Image size of job updated: 87436
	86  -  MemoryUsage of job (MB)
	87436  -  ResidentSetSize of job (KB)
...
005 (11570970.000.000) 2026-04-01 23:23:18 Job terminated.
	(1) Normal termination (return value 0)
		Usr 0 00:27:39, Sys 0 00:01:52  -  Run Remote Usage
		Usr 0 00:00:00, Sys 0 00:00:00  -  Run Local Usage
		Usr 0 00:27:39, Sys 0 00:01:52  -  Total Remote Usage
		Usr 0 00:00:00, Sys 0 00:00:00  -  Total Local Usage
	0  -  Run Bytes Sent By Job
	0  -  Run Bytes Received By Job
	0  -  Total Bytes Sent By Job
	0  -  Total Bytes Received By Job
	Partitionable Resources :    Usage  Request Allocated 
	   admin_mutex_1         :                           0 
	   admin_mutex_2         :                           0 
	   admin_mutex_3         :                           0 
	   Cpus                  :     0.02        1         1 
	   Disk (KB)             :     1     1000000   1001472 
	   GPUs                  :                           0 
	   machine_token         :                           0 
	   Memory (MB)           :    86        1000      1024 
	   TimeExecute (s)       : 49794                       
	   TimeSlotBusy (s)      : 49794                       

	Job terminated of its own accord at 2026-04-02T04:23:18Z with exit-code 0.
...
