000 (11581285.000.000) 2026-04-01 10:06:45 Job submitted from host: <10.128.10.103:9618?addrs=10.128.10.103-9618&alias=npx-submitter.icecube.wisc.edu&noUDP&sock=schedd_2477_982d>
...
001 (11581285.000.000) 2026-04-01 10:06:53 Job executing on host: <10.128.11.119:45071?addrs=10.128.11.119-45071&alias=n-r720-59.icecube.wisc.edu>
	SlotName: slot1_15@n-r720-59.icecube.wisc.edu
	admin_mutex_1 = 0
	admin_mutex_2 = 0
	admin_mutex_3 = 0
	CondorScratchDir = "/scratch/condor/dir_1028838"
	Cpus = 1
	Disk = 1001472
	GPUs = 0
	machine_token = 0
	Memory = 1024
...
006 (11581285.000.000) 2026-04-01 10:07:06 Image size of job updated: 42988
	42  -  MemoryUsage of job (MB)
	42988  -  ResidentSetSize of job (KB)
...
006 (11581285.000.000) 2026-04-01 10:12:06 Image size of job updated: 81320
	80  -  MemoryUsage of job (MB)
	81320  -  ResidentSetSize of job (KB)
...
006 (11581285.000.000) 2026-04-01 10:17:07 Image size of job updated: 81688
	80  -  MemoryUsage of job (MB)
	81688  -  ResidentSetSize of job (KB)
...
006 (11581285.000.000) 2026-04-01 10:22:07 Image size of job updated: 82040
	81  -  MemoryUsage of job (MB)
	82040  -  ResidentSetSize of job (KB)
...
006 (11581285.000.000) 2026-04-01 10:27:07 Image size of job updated: 82112
	81  -  MemoryUsage of job (MB)
	82112  -  ResidentSetSize of job (KB)
...
006 (11581285.000.000) 2026-04-01 11:42:15 Image size of job updated: 84152
	83  -  MemoryUsage of job (MB)
	84152  -  ResidentSetSize of job (KB)
...
006 (11581285.000.000) 2026-04-01 11:47:15 Image size of job updated: 86692
	85  -  MemoryUsage of job (MB)
	86692  -  ResidentSetSize of job (KB)
...
005 (11581285.000.000) 2026-04-01 16:01:31 Job terminated.
	(1) Normal termination (return value 0)
		Usr 0 00:28:27, Sys 0 00:01:45  -  Run Remote Usage
		Usr 0 00:00:00, Sys 0 00:00:00  -  Run Local Usage
		Usr 0 00:28:27, Sys 0 00:01:45  -  Total Remote Usage
		Usr 0 00:00:00, Sys 0 00:00:00  -  Total Local Usage
	0  -  Run Bytes Sent By Job
	0  -  Run Bytes Received By Job
	0  -  Total Bytes Sent By Job
	0  -  Total Bytes Received By Job
	Partitionable Resources :    Usage  Request Allocated 
	   admin_mutex_1         :                           0 
	   admin_mutex_2         :                           0 
	   admin_mutex_3         :                           0 
	   Cpus                  :     0.04        1         1 
	   Disk (KB)             :     1     1000000   1001472 
	   GPUs                  :                           0 
	   machine_token         :                           0 
	   Memory (MB)           :    85        1000      1024 
	   TimeExecute (s)       : 21278                       
	   TimeSlotBusy (s)      : 21278                       

	Job terminated of its own accord at 2026-04-01T21:01:31Z with exit-code 0.
...
