000 (11581062.000.000) 2026-04-01 10:03:33 Job submitted from host: <10.128.10.103:9618?addrs=10.128.10.103-9618&alias=npx-submitter.icecube.wisc.edu&noUDP&sock=schedd_2477_982d>
...
001 (11581062.000.000) 2026-04-01 10:03:40 Job executing on host: <10.128.10.87:37891?addrs=10.128.10.87-37891&alias=n-r710-6.icecube.wisc.edu>
	SlotName: slot1_2@n-r710-6.icecube.wisc.edu
	admin_mutex_1 = 0
	admin_mutex_2 = 0
	admin_mutex_3 = 0
	CondorScratchDir = "/scratch/condor/dir_3846913"
	Cpus = 1
	Disk = 1001472
	GPUs = 0
	machine_token = 0
	Memory = 1024
...
006 (11581062.000.000) 2026-04-01 10:03:54 Image size of job updated: 47248
	47  -  MemoryUsage of job (MB)
	47248  -  ResidentSetSize of job (KB)
...
006 (11581062.000.000) 2026-04-01 10:08:55 Image size of job updated: 82928
	81  -  MemoryUsage of job (MB)
	82928  -  ResidentSetSize of job (KB)
...
006 (11581062.000.000) 2026-04-01 10:13:55 Image size of job updated: 83332
	82  -  MemoryUsage of job (MB)
	83332  -  ResidentSetSize of job (KB)
...
006 (11581062.000.000) 2026-04-01 10:18:55 Image size of job updated: 83656
	82  -  MemoryUsage of job (MB)
	83656  -  ResidentSetSize of job (KB)
...
006 (11581062.000.000) 2026-04-01 11:14:01 Image size of job updated: 84976
	83  -  MemoryUsage of job (MB)
	84976  -  ResidentSetSize of job (KB)
...
005 (11581062.000.000) 2026-04-01 15:11:19 Job terminated.
	(1) Normal termination (return value 0)
		Usr 0 00:14:44, Sys 0 00:01:00  -  Run Remote Usage
		Usr 0 00:00:00, Sys 0 00:00:00  -  Run Local Usage
		Usr 0 00:14:44, Sys 0 00:01:00  -  Total Remote Usage
		Usr 0 00:00:00, Sys 0 00:00:00  -  Total Local Usage
	0  -  Run Bytes Sent By Job
	0  -  Run Bytes Received By Job
	0  -  Total Bytes Sent By Job
	0  -  Total Bytes Received By Job
	Partitionable Resources :    Usage  Request Allocated 
	   admin_mutex_1         :                           0 
	   admin_mutex_2         :                           0 
	   admin_mutex_3         :                           0 
	   Cpus                  :     0.03        1         1 
	   Disk (KB)             :     1     1000000   1001472 
	   GPUs                  :                           0 
	   machine_token         :                           0 
	   Memory (MB)           :    83        1000      1024 
	   TimeExecute (s)       : 18459                       
	   TimeSlotBusy (s)      : 18459                       

	Job terminated of its own accord at 2026-04-01T20:11:19Z with exit-code 0.
...
