000 (10037915.000.000) 2026-03-20 16:16:28 Job submitted from host: <10.128.10.103:9618?addrs=10.128.10.103-9618&alias=npx-submitter.icecube.wisc.edu&noUDP&sock=schedd_2477_982d>
...
001 (10037915.000.000) 2026-03-20 16:16:46 Job executing on host: <10.128.11.112:41009?addrs=10.128.11.112-41009&alias=n-r720-53.icecube.wisc.edu>
	SlotName: slot1_21@n-r720-53.icecube.wisc.edu
	admin_mutex_1 = 0
	admin_mutex_2 = 0
	admin_mutex_3 = 0
	CondorScratchDir = "/scratch/condor/dir_2790723"
	Cpus = 1
	Disk = 1002117
	GPUs = 0
	machine_token = 0
	Memory = 1024
...
006 (10037915.000.000) 2026-03-20 16:16:51 Image size of job updated: 16
	0  -  MemoryUsage of job (MB)
	0  -  ResidentSetSize of job (KB)
...
005 (10037915.000.000) 2026-03-20 16:16:52 Job terminated.
	(1) Normal termination (return value 0)
		Usr 0 00:00:00, Sys 0 00:00:00  -  Run Remote Usage
		Usr 0 00:00:00, Sys 0 00:00:00  -  Run Local Usage
		Usr 0 00:00:00, Sys 0 00:00:00  -  Total Remote Usage
		Usr 0 00:00:00, Sys 0 00:00:00  -  Total Local Usage
	0  -  Run Bytes Sent By Job
	0  -  Run Bytes Received By Job
	0  -  Total Bytes Sent By Job
	0  -  Total Bytes Received By Job
	Partitionable Resources :    Usage  Request Allocated 
	   admin_mutex_1         :                           0 
	   admin_mutex_2         :                           0 
	   admin_mutex_3         :                           0 
	   Cpus                  :        0        1         1 
	   Disk (KB)             :        1  1000000   1002117 
	   GPUs                  :                           0 
	   machine_token         :                           0 
	   Memory (MB)           :        0     1000      1024 
	   TimeExecute (s)       :        5                    
	   TimeSlotBusy (s)      :        6                    

	Job terminated of its own accord at 2026-03-20T21:16:51Z with exit-code 0.
...
000 (10040411.000.000) 2026-03-20 16:54:42 Job submitted from host: <10.128.10.103:9618?addrs=10.128.10.103-9618&alias=npx-submitter.icecube.wisc.edu&noUDP&sock=schedd_2477_982d>
...
001 (10040411.000.000) 2026-03-20 16:54:58 Job executing on host: <10.128.10.209:33203?addrs=10.128.10.209-33203&alias=n-gpu-51.icecube.wisc.edu>
	SlotName: slot1_12@n-gpu-51.icecube.wisc.edu
	admin_mutex_1 = 0
	admin_mutex_2 = 0
	admin_mutex_3 = 0
	AvailableGPUs = {  }
	CondorScratchDir = "/scratch/condor/dir_2772353"
	Cpus = 1
	Disk = 1001472
	GPUs = 0
	machine_token = 0
	Memory = 1024
...
006 (10040411.000.000) 2026-03-20 16:55:03 Image size of job updated: 144
	0  -  MemoryUsage of job (MB)
	0  -  ResidentSetSize of job (KB)
...
005 (10040411.000.000) 2026-03-20 16:55:03 Job terminated.
	(1) Normal termination (return value 0)
		Usr 0 00:00:00, Sys 0 00:00:00  -  Run Remote Usage
		Usr 0 00:00:00, Sys 0 00:00:00  -  Run Local Usage
		Usr 0 00:00:00, Sys 0 00:00:00  -  Total Remote Usage
		Usr 0 00:00:00, Sys 0 00:00:00  -  Total Local Usage
	0  -  Run Bytes Sent By Job
	0  -  Run Bytes Received By Job
	0  -  Total Bytes Sent By Job
	0  -  Total Bytes Received By Job
	Partitionable Resources :    Usage  Request Allocated 
	   admin_mutex_1         :                           0 
	   admin_mutex_2         :                           0 
	   admin_mutex_3         :                           0 
	   Cpus                  :        0        1         1 
	   Disk (KB)             :        1  1000000   1001472 
	   GPUs                  :                           0 
	   machine_token         :                           0 
	   Memory (MB)           :        0     1000      1024 
	   TimeExecute (s)       :        5                    
	   TimeSlotBusy (s)      :        5                    

	Job terminated of its own accord at 2026-03-20T21:55:03Z with exit-code 0.
...
000 (10040487.000.000) 2026-03-20 16:55:41 Job submitted from host: <10.128.10.103:9618?addrs=10.128.10.103-9618&alias=npx-submitter.icecube.wisc.edu&noUDP&sock=schedd_2477_982d>
...
001 (10040487.000.000) 2026-03-20 16:56:02 Job executing on host: <10.128.10.211:35337?addrs=10.128.10.211-35337&alias=n-gpu-53.icecube.wisc.edu>
	SlotName: slot1_14@n-gpu-53.icecube.wisc.edu
	admin_mutex_1 = 0
	admin_mutex_2 = 0
	admin_mutex_3 = 0
	AvailableGPUs = {  }
	CondorScratchDir = "/scratch/condor/dir_2631089"
	Cpus = 1
	Disk = 1001472
	GPUs = 0
	machine_token = 0
	Memory = 1024
...
006 (10040487.000.000) 2026-03-20 16:56:08 Image size of job updated: 144
	0  -  MemoryUsage of job (MB)
	0  -  ResidentSetSize of job (KB)
...
005 (10040487.000.000) 2026-03-20 16:56:09 Job terminated.
	(1) Normal termination (return value 0)
		Usr 0 00:00:00, Sys 0 00:00:00  -  Run Remote Usage
		Usr 0 00:00:00, Sys 0 00:00:00  -  Run Local Usage
		Usr 0 00:00:00, Sys 0 00:00:00  -  Total Remote Usage
		Usr 0 00:00:00, Sys 0 00:00:00  -  Total Local Usage
	0  -  Run Bytes Sent By Job
	0  -  Run Bytes Received By Job
	0  -  Total Bytes Sent By Job
	0  -  Total Bytes Received By Job
	Partitionable Resources :    Usage  Request Allocated 
	   admin_mutex_1         :                           0 
	   admin_mutex_2         :                           0 
	   admin_mutex_3         :                           0 
	   Cpus                  :        0        1         1 
	   Disk (KB)             :        1  1000000   1001472 
	   GPUs                  :                           0 
	   machine_token         :                           0 
	   Memory (MB)           :        0     1000      1024 
	   TimeExecute (s)       :        6                    
	   TimeSlotBusy (s)      :        6                    

	Job terminated of its own accord at 2026-03-20T21:56:08Z with exit-code 0.
...
000 (10048527.000.000) 2026-03-20 18:42:34 Job submitted from host: <10.128.10.103:9618?addrs=10.128.10.103-9618&alias=npx-submitter.icecube.wisc.edu&noUDP&sock=schedd_2477_982d>
...
001 (10048527.000.000) 2026-03-20 18:42:51 Job executing on host: <10.128.10.197:35601?addrs=10.128.10.197-35601&alias=n-18.icecube.wisc.edu>
	SlotName: slot1_12@n-18.icecube.wisc.edu
	admin_mutex_1 = 0
	admin_mutex_2 = 0
	admin_mutex_3 = 0
	CondorScratchDir = "/scratch/condor/dir_3072567"
	Cpus = 1
	Disk = 1002215
	GPUs = 0
	machine_token = 0
	Memory = 1024
...
006 (10048527.000.000) 2026-03-20 18:43:04 Image size of job updated: 77816
	76  -  MemoryUsage of job (MB)
	77816  -  ResidentSetSize of job (KB)
...
006 (10048527.000.000) 2026-03-20 18:48:04 Image size of job updated: 83444
	82  -  MemoryUsage of job (MB)
	83444  -  ResidentSetSize of job (KB)
...
006 (10048527.000.000) 2026-03-20 18:53:04 Image size of job updated: 83824
	82  -  MemoryUsage of job (MB)
	83824  -  ResidentSetSize of job (KB)
...
006 (10048527.000.000) 2026-03-20 18:58:05 Image size of job updated: 84132
	83  -  MemoryUsage of job (MB)
	84132  -  ResidentSetSize of job (KB)
...
006 (10048527.000.000) 2026-03-20 19:03:05 Image size of job updated: 84220
	83  -  MemoryUsage of job (MB)
	84220  -  ResidentSetSize of job (KB)
...
006 (10048527.000.000) 2026-03-20 19:13:06 Image size of job updated: 84228
	83  -  MemoryUsage of job (MB)
	84228  -  ResidentSetSize of job (KB)
...
006 (10048527.000.000) 2026-03-20 19:18:06 Image size of job updated: 84996
	84  -  MemoryUsage of job (MB)
	84996  -  ResidentSetSize of job (KB)
...
006 (10048527.000.000) 2026-03-20 19:23:06 Image size of job updated: 87464
	86  -  MemoryUsage of job (MB)
	87464  -  ResidentSetSize of job (KB)
...
005 (10048527.000.000) 2026-03-20 23:40:27 Job terminated.
	(1) Normal termination (return value 0)
		Usr 0 00:32:38, Sys 0 00:02:09  -  Run Remote Usage
		Usr 0 00:00:00, Sys 0 00:00:00  -  Run Local Usage
		Usr 0 00:32:38, Sys 0 00:02:09  -  Total Remote Usage
		Usr 0 00:00:00, Sys 0 00:00:00  -  Total Local Usage
	0  -  Run Bytes Sent By Job
	0  -  Run Bytes Received By Job
	0  -  Total Bytes Sent By Job
	0  -  Total Bytes Received By Job
	Partitionable Resources :    Usage  Request Allocated 
	   admin_mutex_1         :                           0 
	   admin_mutex_2         :                           0 
	   admin_mutex_3         :                           0 
	   Cpus                  :     0.08        1         1 
	   Disk (KB)             :     1     1000000   1002215 
	   GPUs                  :                           0 
	   machine_token         :                           0 
	   Memory (MB)           :    86        1000      1024 
	   TimeExecute (s)       : 17856                       
	   TimeSlotBusy (s)      : 17856                       

	Job terminated of its own accord at 2026-03-21T04:40:27Z with exit-code 0.
...
000 (11572780.000.000) 2026-04-01 09:37:15 Job submitted from host: <10.128.10.103:9618?addrs=10.128.10.103-9618&alias=npx-submitter.icecube.wisc.edu&noUDP&sock=schedd_2477_982d>
...
001 (11572780.000.000) 2026-04-01 09:37:37 Job executing on host: <10.128.10.95:33821?addrs=10.128.10.95-33821&alias=n-r710-11.icecube.wisc.edu>
	SlotName: slot1_20@n-r710-11.icecube.wisc.edu
	admin_mutex_1 = 0
	admin_mutex_2 = 0
	admin_mutex_3 = 0
	CondorScratchDir = "/scratch/condor/dir_2355733"
	Cpus = 1
	Disk = 1001472
	GPUs = 0
	machine_token = 0
	Memory = 1024
...
006 (11572780.000.000) 2026-04-01 09:37:50 Image size of job updated: 45676
	45  -  MemoryUsage of job (MB)
	45676  -  ResidentSetSize of job (KB)
...
006 (11572780.000.000) 2026-04-01 09:42:50 Image size of job updated: 83452
	82  -  MemoryUsage of job (MB)
	83452  -  ResidentSetSize of job (KB)
...
006 (11572780.000.000) 2026-04-01 09:47:51 Image size of job updated: 83872
	82  -  MemoryUsage of job (MB)
	83872  -  ResidentSetSize of job (KB)
...
006 (11572780.000.000) 2026-04-01 09:52:52 Image size of job updated: 84228
	83  -  MemoryUsage of job (MB)
	84228  -  ResidentSetSize of job (KB)
...
006 (11572780.000.000) 2026-04-01 10:07:53 Image size of job updated: 84996
	84  -  MemoryUsage of job (MB)
	84996  -  ResidentSetSize of job (KB)
...
006 (11572780.000.000) 2026-04-01 12:33:07 Image size of job updated: 87464
	86  -  MemoryUsage of job (MB)
	87464  -  ResidentSetSize of job (KB)
...
005 (11572780.000.000) 2026-04-01 15:04:49 Job terminated.
	(1) Normal termination (return value 0)
		Usr 0 00:44:14, Sys 0 00:02:42  -  Run Remote Usage
		Usr 0 00:00:00, Sys 0 00:00:00  -  Run Local Usage
		Usr 0 00:44:14, Sys 0 00:02:42  -  Total Remote Usage
		Usr 0 00:00:00, Sys 0 00:00:00  -  Total Local Usage
	0  -  Run Bytes Sent By Job
	0  -  Run Bytes Received By Job
	0  -  Total Bytes Sent By Job
	0  -  Total Bytes Received By Job
	Partitionable Resources :    Usage  Request Allocated 
	   admin_mutex_1         :                           0 
	   admin_mutex_2         :                           0 
	   admin_mutex_3         :                           0 
	   Cpus                  :     0.07        1         1 
	   Disk (KB)             :     1     1000000   1001472 
	   GPUs                  :                           0 
	   machine_token         :                           0 
	   Memory (MB)           :    86        1000      1024 
	   TimeExecute (s)       : 19633                       
	   TimeSlotBusy (s)      : 19633                       

	Job terminated of its own accord at 2026-04-01T20:04:49Z with exit-code 0.
...
