000 (11579472.000.000) 2026-04-01 09:53:45 Job submitted from host: <10.128.10.103:9618?addrs=10.128.10.103-9618&alias=npx-submitter.icecube.wisc.edu&noUDP&sock=schedd_2477_982d>
...
001 (11579472.000.000) 2026-04-01 09:54:06 Job executing on host: <10.128.10.214:34245?addrs=10.128.10.214-34245&alias=n-gpu-56.icecube.wisc.edu>
	SlotName: slot1_13@n-gpu-56.icecube.wisc.edu
	admin_mutex_1 = 0
	admin_mutex_2 = 0
	admin_mutex_3 = 0
	AvailableGPUs = {  }
	CondorScratchDir = "/scratch/condor/dir_3920251"
	Cpus = 1
	Disk = 1001472
	GPUs = 0
	machine_token = 0
	Memory = 1024
...
006 (11579472.000.000) 2026-04-01 09:54:20 Image size of job updated: 43808
	43  -  MemoryUsage of job (MB)
	43808  -  ResidentSetSize of job (KB)
...
006 (11579472.000.000) 2026-04-01 09:59:21 Image size of job updated: 82948
	82  -  MemoryUsage of job (MB)
	82948  -  ResidentSetSize of job (KB)
...
006 (11579472.000.000) 2026-04-01 10:04:21 Image size of job updated: 83336
	82  -  MemoryUsage of job (MB)
	83336  -  ResidentSetSize of job (KB)
...
006 (11579472.000.000) 2026-04-01 10:09:21 Image size of job updated: 83660
	82  -  MemoryUsage of job (MB)
	83660  -  ResidentSetSize of job (KB)
...
006 (11579472.000.000) 2026-04-01 10:19:22 Image size of job updated: 86692
	85  -  MemoryUsage of job (MB)
	86692  -  ResidentSetSize of job (KB)
...
005 (11579472.000.000) 2026-04-01 23:26:22 Job terminated.
	(1) Normal termination (return value 0)
		Usr 0 00:15:35, Sys 0 00:01:10  -  Run Remote Usage
		Usr 0 00:00:00, Sys 0 00:00:00  -  Run Local Usage
		Usr 0 00:15:35, Sys 0 00:01:10  -  Total Remote Usage
		Usr 0 00:00:00, Sys 0 00:00:00  -  Total Local Usage
	0  -  Run Bytes Sent By Job
	0  -  Run Bytes Received By Job
	0  -  Total Bytes Sent By Job
	0  -  Total Bytes Received By Job
	Partitionable Resources :    Usage  Request Allocated 
	   admin_mutex_1         :                           0 
	   admin_mutex_2         :                           0 
	   admin_mutex_3         :                           0 
	   Cpus                  :     0.01        1         1 
	   Disk (KB)             :     1     1000000   1001472 
	   GPUs                  :                           0 
	   machine_token         :                           0 
	   Memory (MB)           :    85        1000      1024 
	   TimeExecute (s)       : 48735                       
	   TimeSlotBusy (s)      : 48735                       

	Job terminated of its own accord at 2026-04-02T04:26:21Z with exit-code 0.
...
