000 (11575888.000.000) 2026-04-01 09:44:53 Job submitted from host: <10.128.10.103:9618?addrs=10.128.10.103-9618&alias=npx-submitter.icecube.wisc.edu&noUDP&sock=schedd_2477_982d>
...
001 (11575888.000.000) 2026-04-01 09:45:00 Job executing on host: <10.128.11.119:45071?addrs=10.128.11.119-45071&alias=n-r720-59.icecube.wisc.edu>
	SlotName: slot1_32@n-r720-59.icecube.wisc.edu
	admin_mutex_1 = 0
	admin_mutex_2 = 0
	admin_mutex_3 = 0
	CondorScratchDir = "/scratch/condor/dir_966519"
	Cpus = 1
	Disk = 1001472
	GPUs = 0
	machine_token = 0
	Memory = 1024
...
006 (11575888.000.000) 2026-04-01 09:45:13 Image size of job updated: 45324
	45  -  MemoryUsage of job (MB)
	45324  -  ResidentSetSize of job (KB)
...
006 (11575888.000.000) 2026-04-01 09:50:13 Image size of job updated: 83164
	82  -  MemoryUsage of job (MB)
	83164  -  ResidentSetSize of job (KB)
...
006 (11575888.000.000) 2026-04-01 09:55:13 Image size of job updated: 83520
	82  -  MemoryUsage of job (MB)
	83520  -  ResidentSetSize of job (KB)
...
006 (11575888.000.000) 2026-04-01 10:00:14 Image size of job updated: 83852
	82  -  MemoryUsage of job (MB)
	83852  -  ResidentSetSize of job (KB)
...
006 (11575888.000.000) 2026-04-01 11:35:24 Image size of job updated: 86400
	85  -  MemoryUsage of job (MB)
	86400  -  ResidentSetSize of job (KB)
...
005 (11575888.000.000) 2026-04-01 14:58:26 Job terminated.
	(1) Normal termination (return value 0)
		Usr 0 00:28:16, Sys 0 00:01:44  -  Run Remote Usage
		Usr 0 00:00:00, Sys 0 00:00:00  -  Run Local Usage
		Usr 0 00:28:16, Sys 0 00:01:44  -  Total Remote Usage
		Usr 0 00:00:00, Sys 0 00:00:00  -  Total Local Usage
	0  -  Run Bytes Sent By Job
	0  -  Run Bytes Received By Job
	0  -  Total Bytes Sent By Job
	0  -  Total Bytes Received By Job
	Partitionable Resources :    Usage  Request Allocated 
	   admin_mutex_1         :                           0 
	   admin_mutex_2         :                           0 
	   admin_mutex_3         :                           0 
	   Cpus                  :     0.04        1         1 
	   Disk (KB)             :     1     1000000   1001472 
	   GPUs                  :                           0 
	   machine_token         :                           0 
	   Memory (MB)           :    85        1000      1024 
	   TimeExecute (s)       : 18806                       
	   TimeSlotBusy (s)      : 18807                       

	Job terminated of its own accord at 2026-04-01T19:58:26Z with exit-code 0.
...
