000 (10037898.000.000) 2026-03-20 16:16:15 Job submitted from host: <10.128.10.103:9618?addrs=10.128.10.103-9618&alias=npx-submitter.icecube.wisc.edu&noUDP&sock=schedd_2477_982d>
...
001 (10037898.000.000) 2026-03-20 16:16:25 Job executing on host: <10.128.11.112:41009?addrs=10.128.11.112-41009&alias=n-r720-53.icecube.wisc.edu>
	SlotName: slot1_21@n-r720-53.icecube.wisc.edu
	admin_mutex_1 = 0
	admin_mutex_2 = 0
	admin_mutex_3 = 0
	CondorScratchDir = "/scratch/condor/dir_2788558"
	Cpus = 1
	Disk = 1002117
	GPUs = 0
	machine_token = 0
	Memory = 1024
...
006 (10037898.000.000) 2026-03-20 16:16:30 Image size of job updated: 144
	0  -  MemoryUsage of job (MB)
	0  -  ResidentSetSize of job (KB)
...
005 (10037898.000.000) 2026-03-20 16:16:30 Job terminated.
	(1) Normal termination (return value 0)
		Usr 0 00:00:00, Sys 0 00:00:00  -  Run Remote Usage
		Usr 0 00:00:00, Sys 0 00:00:00  -  Run Local Usage
		Usr 0 00:00:00, Sys 0 00:00:00  -  Total Remote Usage
		Usr 0 00:00:00, Sys 0 00:00:00  -  Total Local Usage
	0  -  Run Bytes Sent By Job
	0  -  Run Bytes Received By Job
	0  -  Total Bytes Sent By Job
	0  -  Total Bytes Received By Job
	Partitionable Resources :    Usage  Request Allocated 
	   admin_mutex_1         :                           0 
	   admin_mutex_2         :                           0 
	   admin_mutex_3         :                           0 
	   Cpus                  :                 1         1 
	   Disk (KB)             :        1  1000000   1002117 
	   GPUs                  :                           0 
	   machine_token         :                           0 
	   Memory (MB)           :        0     1000      1024 
	   TimeExecute (s)       :        5                    
	   TimeSlotBusy (s)      :        6                    

	Job terminated of its own accord at 2026-03-20T21:16:30Z with exit-code 0.
...
000 (10040403.000.000) 2026-03-20 16:54:39 Job submitted from host: <10.128.10.103:9618?addrs=10.128.10.103-9618&alias=npx-submitter.icecube.wisc.edu&noUDP&sock=schedd_2477_982d>
...
001 (10040403.000.000) 2026-03-20 16:54:58 Job executing on host: <10.128.11.104:42467?addrs=10.128.11.104-42467&alias=n-r720-45.icecube.wisc.edu>
	SlotName: slot1_32@n-r720-45.icecube.wisc.edu
	admin_mutex_1 = 0
	admin_mutex_2 = 0
	admin_mutex_3 = 0
	CondorScratchDir = "/scratch/condor/dir_458829"
	Cpus = 1
	Disk = 1002117
	GPUs = 0
	machine_token = 0
	Memory = 1024
...
006 (10040403.000.000) 2026-03-20 16:55:03 Image size of job updated: 16
	0  -  MemoryUsage of job (MB)
	0  -  ResidentSetSize of job (KB)
...
005 (10040403.000.000) 2026-03-20 16:55:03 Job terminated.
	(1) Normal termination (return value 0)
		Usr 0 00:00:00, Sys 0 00:00:00  -  Run Remote Usage
		Usr 0 00:00:00, Sys 0 00:00:00  -  Run Local Usage
		Usr 0 00:00:00, Sys 0 00:00:00  -  Total Remote Usage
		Usr 0 00:00:00, Sys 0 00:00:00  -  Total Local Usage
	0  -  Run Bytes Sent By Job
	0  -  Run Bytes Received By Job
	0  -  Total Bytes Sent By Job
	0  -  Total Bytes Received By Job
	Partitionable Resources :    Usage  Request Allocated 
	   admin_mutex_1         :                           0 
	   admin_mutex_2         :                           0 
	   admin_mutex_3         :                           0 
	   Cpus                  :        0        1         1 
	   Disk (KB)             :        1  1000000   1002117 
	   GPUs                  :                           0 
	   machine_token         :                           0 
	   Memory (MB)           :        0     1000      1024 
	   TimeExecute (s)       :        5                    
	   TimeSlotBusy (s)      :        5                    

	Job terminated of its own accord at 2026-03-20T21:55:03Z with exit-code 0.
...
000 (10040482.000.000) 2026-03-20 16:55:38 Job submitted from host: <10.128.10.103:9618?addrs=10.128.10.103-9618&alias=npx-submitter.icecube.wisc.edu&noUDP&sock=schedd_2477_982d>
...
001 (10040482.000.000) 2026-03-20 16:56:02 Job executing on host: <10.128.11.112:41009?addrs=10.128.11.112-41009&alias=n-r720-53.icecube.wisc.edu>
	SlotName: slot1_31@n-r720-53.icecube.wisc.edu
	admin_mutex_1 = 0
	admin_mutex_2 = 0
	admin_mutex_3 = 0
	CondorScratchDir = "/scratch/condor/dir_2914484"
	Cpus = 1
	Disk = 1002117
	GPUs = 0
	machine_token = 0
	Memory = 1024
...
006 (10040482.000.000) 2026-03-20 16:56:08 Image size of job updated: 16
	0  -  MemoryUsage of job (MB)
	0  -  ResidentSetSize of job (KB)
...
005 (10040482.000.000) 2026-03-20 16:56:09 Job terminated.
	(1) Normal termination (return value 0)
		Usr 0 00:00:00, Sys 0 00:00:00  -  Run Remote Usage
		Usr 0 00:00:00, Sys 0 00:00:00  -  Run Local Usage
		Usr 0 00:00:00, Sys 0 00:00:00  -  Total Remote Usage
		Usr 0 00:00:00, Sys 0 00:00:00  -  Total Local Usage
	0  -  Run Bytes Sent By Job
	0  -  Run Bytes Received By Job
	0  -  Total Bytes Sent By Job
	0  -  Total Bytes Received By Job
	Partitionable Resources :    Usage  Request Allocated 
	   admin_mutex_1         :                           0 
	   admin_mutex_2         :                           0 
	   admin_mutex_3         :                           0 
	   Cpus                  :        0        1         1 
	   Disk (KB)             :        1  1000000   1002117 
	   GPUs                  :                           0 
	   machine_token         :                           0 
	   Memory (MB)           :        0     1000      1024 
	   TimeExecute (s)       :        6                    
	   TimeSlotBusy (s)      :        6                    

	Job terminated of its own accord at 2026-03-20T21:56:08Z with exit-code 0.
...
000 (10048518.000.000) 2026-03-20 18:42:30 Job submitted from host: <10.128.10.103:9618?addrs=10.128.10.103-9618&alias=npx-submitter.icecube.wisc.edu&noUDP&sock=schedd_2477_982d>
...
001 (10048518.000.000) 2026-03-20 18:43:13 Job executing on host: <10.128.10.206:40401?addrs=10.128.10.206-40401&alias=sm-storage-1.icecube.wisc.edu>
	SlotName: slot1_23@sm-storage-1.icecube.wisc.edu
	admin_mutex_1 = 0
	admin_mutex_2 = 0
	admin_mutex_3 = 0
	CondorScratchDir = "/scratch/condor/dir_355381"
	Cpus = 1
	Disk = 1001472
	GPUs = 0
	machine_token = 0
	Memory = 1024
...
006 (10048518.000.000) 2026-03-20 18:43:26 Image size of job updated: 69152
	68  -  MemoryUsage of job (MB)
	69152  -  ResidentSetSize of job (KB)
...
006 (10048518.000.000) 2026-03-20 18:48:26 Image size of job updated: 69508
	68  -  MemoryUsage of job (MB)
	69508  -  ResidentSetSize of job (KB)
...
006 (10048518.000.000) 2026-03-20 18:53:27 Image size of job updated: 69872
	69  -  MemoryUsage of job (MB)
	69872  -  ResidentSetSize of job (KB)
...
006 (10048518.000.000) 2026-03-20 18:58:27 Image size of job updated: 70204
	69  -  MemoryUsage of job (MB)
	70204  -  ResidentSetSize of job (KB)
...
006 (10048518.000.000) 2026-03-20 19:08:28 Image size of job updated: 70588
	69  -  MemoryUsage of job (MB)
	70588  -  ResidentSetSize of job (KB)
...
006 (10048518.000.000) 2026-03-20 19:43:31 Image size of job updated: 73652
	72  -  MemoryUsage of job (MB)
	73652  -  ResidentSetSize of job (KB)
...
006 (10048518.000.000) 2026-03-20 19:48:31 Image size of job updated: 74056
	73  -  MemoryUsage of job (MB)
	74056  -  ResidentSetSize of job (KB)
...
006 (10048518.000.000) 2026-03-20 21:03:39 Image size of job updated: 74068
	73  -  MemoryUsage of job (MB)
	74068  -  ResidentSetSize of job (KB)
...
005 (10048518.000.000) 2026-03-20 21:35:29 Job terminated.
	(1) Normal termination (return value 0)
		Usr 0 00:11:31, Sys 0 00:00:43  -  Run Remote Usage
		Usr 0 00:00:00, Sys 0 00:00:00  -  Run Local Usage
		Usr 0 00:11:31, Sys 0 00:00:43  -  Total Remote Usage
		Usr 0 00:00:00, Sys 0 00:00:00  -  Total Local Usage
	0  -  Run Bytes Sent By Job
	0  -  Run Bytes Received By Job
	0  -  Total Bytes Sent By Job
	0  -  Total Bytes Received By Job
	Partitionable Resources :    Usage  Request Allocated 
	   admin_mutex_1         :                           0 
	   admin_mutex_2         :                           0 
	   admin_mutex_3         :                           0 
	   Cpus                  :     0.06        1         1 
	   Disk (KB)             :     1     1000000   1001472 
	   GPUs                  :                           0 
	   machine_token         :                           0 
	   Memory (MB)           :    73        1000      1024 
	   TimeExecute (s)       : 10336                       
	   TimeSlotBusy (s)      : 10336                       

	Job terminated of its own accord at 2026-03-21T02:35:29Z with exit-code 0.
...
000 (11567889.000.000) 2026-04-01 09:26:52 Job submitted from host: <10.128.10.103:9618?addrs=10.128.10.103-9618&alias=npx-submitter.icecube.wisc.edu&noUDP&sock=schedd_2477_982d>
...
001 (11567889.000.000) 2026-04-01 09:27:05 Job executing on host: <10.128.10.210:39345?addrs=10.128.10.210-39345&alias=n-gpu-52.icecube.wisc.edu>
	SlotName: slot1_16@n-gpu-52.icecube.wisc.edu
	admin_mutex_1 = 0
	admin_mutex_2 = 0
	admin_mutex_3 = 0
	AvailableGPUs = {  }
	CondorScratchDir = "/scratch/condor/dir_3185404"
	Cpus = 1
	Disk = 1001472
	GPUs = 0
	machine_token = 0
	Memory = 1024
...
006 (11567889.000.000) 2026-04-01 09:27:19 Image size of job updated: 43496
	43  -  MemoryUsage of job (MB)
	43496  -  ResidentSetSize of job (KB)
...
006 (11567889.000.000) 2026-04-01 09:32:20 Image size of job updated: 71608
	70  -  MemoryUsage of job (MB)
	71608  -  ResidentSetSize of job (KB)
...
006 (11567889.000.000) 2026-04-01 09:37:20 Image size of job updated: 72008
	71  -  MemoryUsage of job (MB)
	72008  -  ResidentSetSize of job (KB)
...
006 (11567889.000.000) 2026-04-01 09:42:20 Image size of job updated: 72248
	71  -  MemoryUsage of job (MB)
	72248  -  ResidentSetSize of job (KB)
...
006 (11567889.000.000) 2026-04-01 10:52:28 Image size of job updated: 72636
	71  -  MemoryUsage of job (MB)
	72636  -  ResidentSetSize of job (KB)
...
006 (11567889.000.000) 2026-04-01 15:22:55 Image size of job updated: 73660
	72  -  MemoryUsage of job (MB)
	73660  -  ResidentSetSize of job (KB)
...
005 (11567889.000.000) 2026-04-01 15:56:26 Job terminated.
	(1) Normal termination (return value 0)
		Usr 0 00:10:06, Sys 0 00:00:41  -  Run Remote Usage
		Usr 0 00:00:00, Sys 0 00:00:00  -  Run Local Usage
		Usr 0 00:10:06, Sys 0 00:00:41  -  Total Remote Usage
		Usr 0 00:00:00, Sys 0 00:00:00  -  Total Local Usage
	0  -  Run Bytes Sent By Job
	0  -  Run Bytes Received By Job
	0  -  Total Bytes Sent By Job
	0  -  Total Bytes Received By Job
	Partitionable Resources :    Usage  Request Allocated 
	   admin_mutex_1         :                           0 
	   admin_mutex_2         :                           0 
	   admin_mutex_3         :                           0 
	   Cpus                  :     0.02        1         1 
	   Disk (KB)             :     1     1000000   1001472 
	   GPUs                  :                           0 
	   machine_token         :                           0 
	   Memory (MB)           :    72        1000      1024 
	   TimeExecute (s)       : 23361                       
	   TimeSlotBusy (s)      : 23361                       

	Job terminated of its own accord at 2026-04-01T20:56:26Z with exit-code 0.
...
