000 (11575559.000.000) 2026-04-01 09:44:02 Job submitted from host: <10.128.10.103:9618?addrs=10.128.10.103-9618&alias=npx-submitter.icecube.wisc.edu&noUDP&sock=schedd_2477_982d>
...
001 (11575559.000.000) 2026-04-01 09:44:17 Job executing on host: <10.128.11.119:45071?addrs=10.128.11.119-45071&alias=n-r720-59.icecube.wisc.edu>
	SlotName: slot1_13@n-r720-59.icecube.wisc.edu
	admin_mutex_1 = 0
	admin_mutex_2 = 0
	admin_mutex_3 = 0
	CondorScratchDir = "/scratch/condor/dir_963881"
	Cpus = 1
	Disk = 1001472
	GPUs = 0
	machine_token = 0
	Memory = 1024
...
006 (11575559.000.000) 2026-04-01 09:44:31 Image size of job updated: 66004
	65  -  MemoryUsage of job (MB)
	66004  -  ResidentSetSize of job (KB)
...
006 (11575559.000.000) 2026-04-01 09:49:32 Image size of job updated: 83176
	82  -  MemoryUsage of job (MB)
	83176  -  ResidentSetSize of job (KB)
...
006 (11575559.000.000) 2026-04-01 09:54:32 Image size of job updated: 83536
	82  -  MemoryUsage of job (MB)
	83536  -  ResidentSetSize of job (KB)
...
006 (11575559.000.000) 2026-04-01 09:59:33 Image size of job updated: 83856
	82  -  MemoryUsage of job (MB)
	83856  -  ResidentSetSize of job (KB)
...
006 (11575559.000.000) 2026-04-01 11:34:42 Image size of job updated: 86404
	85  -  MemoryUsage of job (MB)
	86404  -  ResidentSetSize of job (KB)
...
005 (11575559.000.000) 2026-04-01 14:58:09 Job terminated.
	(1) Normal termination (return value 0)
		Usr 0 00:28:32, Sys 0 00:01:45  -  Run Remote Usage
		Usr 0 00:00:00, Sys 0 00:00:00  -  Run Local Usage
		Usr 0 00:28:32, Sys 0 00:01:45  -  Total Remote Usage
		Usr 0 00:00:00, Sys 0 00:00:00  -  Total Local Usage
	0  -  Run Bytes Sent By Job
	0  -  Run Bytes Received By Job
	0  -  Total Bytes Sent By Job
	0  -  Total Bytes Received By Job
	Partitionable Resources :    Usage  Request Allocated 
	   admin_mutex_1         :                           0 
	   admin_mutex_2         :                           0 
	   admin_mutex_3         :                           0 
	   Cpus                  :     0.04        1         1 
	   Disk (KB)             :     1     1000000   1001472 
	   GPUs                  :                           0 
	   machine_token         :                           0 
	   Memory (MB)           :    85        1000      1024 
	   TimeExecute (s)       : 18832                       
	   TimeSlotBusy (s)      : 18832                       

	Job terminated of its own accord at 2026-04-01T19:58:09Z with exit-code 0.
...
