000 (11573311.000.000) 2026-04-01 09:38:34 Job submitted from host: <10.128.10.103:9618?addrs=10.128.10.103-9618&alias=npx-submitter.icecube.wisc.edu&noUDP&sock=schedd_2477_982d>
...
001 (11573311.000.000) 2026-04-01 09:38:40 Job executing on host: <10.128.11.115:36959?addrs=10.128.11.115-36959&alias=n-r720-55.icecube.wisc.edu>
	SlotName: slot1_26@n-r720-55.icecube.wisc.edu
	admin_mutex_1 = 0
	admin_mutex_2 = 0
	admin_mutex_3 = 0
	CondorScratchDir = "/scratch/condor/dir_2214024"
	Cpus = 1
	Disk = 1001472
	GPUs = 0
	machine_token = 0
	Memory = 1024
...
006 (11573311.000.000) 2026-04-01 09:38:54 Image size of job updated: 46008
	45  -  MemoryUsage of job (MB)
	46008  -  ResidentSetSize of job (KB)
...
006 (11573311.000.000) 2026-04-01 09:43:55 Image size of job updated: 83344
	82  -  MemoryUsage of job (MB)
	83344  -  ResidentSetSize of job (KB)
...
006 (11573311.000.000) 2026-04-01 09:48:56 Image size of job updated: 83704
	82  -  MemoryUsage of job (MB)
	83704  -  ResidentSetSize of job (KB)
...
006 (11573311.000.000) 2026-04-01 09:53:56 Image size of job updated: 84032
	83  -  MemoryUsage of job (MB)
	84032  -  ResidentSetSize of job (KB)
...
006 (11573311.000.000) 2026-04-01 16:04:31 Image size of job updated: 86784
	85  -  MemoryUsage of job (MB)
	86784  -  ResidentSetSize of job (KB)
...
005 (11573311.000.000) 2026-04-01 21:43:39 Job terminated.
	(1) Normal termination (return value 0)
		Usr 0 00:32:27, Sys 0 00:02:05  -  Run Remote Usage
		Usr 0 00:00:00, Sys 0 00:00:00  -  Run Local Usage
		Usr 0 00:32:27, Sys 0 00:02:05  -  Total Remote Usage
		Usr 0 00:00:00, Sys 0 00:00:00  -  Total Local Usage
	0  -  Run Bytes Sent By Job
	0  -  Run Bytes Received By Job
	0  -  Total Bytes Sent By Job
	0  -  Total Bytes Received By Job
	Partitionable Resources :    Usage  Request Allocated 
	   admin_mutex_1         :                           0 
	   admin_mutex_2         :                           0 
	   admin_mutex_3         :                           0 
	   Cpus                  :        0        1         1 
	   Disk (KB)             :        1  1000000   1001472 
	   GPUs                  :                           0 
	   machine_token         :                           0 
	   Memory (MB)           :       85     1000      1024 
	   TimeExecute (s)       :    43497                    
	   TimeSlotBusy (s)      :    43498                    

	Job terminated of its own accord at 2026-04-02T02:40:50Z with exit-code 0.
...
