000 (10037920.000.000) 2026-03-20 16:16:33 Job submitted from host: <10.128.10.103:9618?addrs=10.128.10.103-9618&alias=npx-submitter.icecube.wisc.edu&noUDP&sock=schedd_2477_982d>
...
001 (10037920.000.000) 2026-03-20 16:16:47 Job executing on host: <10.128.10.213:33967?addrs=10.128.10.213-33967&alias=n-gpu-55.icecube.wisc.edu>
	SlotName: slot1_16@n-gpu-55.icecube.wisc.edu
	admin_mutex_1 = 0
	admin_mutex_2 = 0
	admin_mutex_3 = 0
	AvailableGPUs = {  }
	CondorScratchDir = "/scratch/condor/dir_2192425"
	Cpus = 1
	Disk = 1001472
	GPUs = 0
	machine_token = 0
	Memory = 1024
...
006 (10037920.000.000) 2026-03-20 16:16:52 Image size of job updated: 144
	0  -  MemoryUsage of job (MB)
	0  -  ResidentSetSize of job (KB)
...
005 (10037920.000.000) 2026-03-20 16:16:52 Job terminated.
	(1) Normal termination (return value 0)
		Usr 0 00:00:00, Sys 0 00:00:00  -  Run Remote Usage
		Usr 0 00:00:00, Sys 0 00:00:00  -  Run Local Usage
		Usr 0 00:00:00, Sys 0 00:00:00  -  Total Remote Usage
		Usr 0 00:00:00, Sys 0 00:00:00  -  Total Local Usage
	0  -  Run Bytes Sent By Job
	0  -  Run Bytes Received By Job
	0  -  Total Bytes Sent By Job
	0  -  Total Bytes Received By Job
	Partitionable Resources :    Usage  Request Allocated 
	   admin_mutex_1         :                           0 
	   admin_mutex_2         :                           0 
	   admin_mutex_3         :                           0 
	   Cpus                  :        0        1         1 
	   Disk (KB)             :        1  1000000   1001472 
	   GPUs                  :                           0 
	   machine_token         :                           0 
	   Memory (MB)           :        0     1000      1024 
	   TimeExecute (s)       :        5                    
	   TimeSlotBusy (s)      :        5                    

	Job terminated of its own accord at 2026-03-20T21:16:52Z with exit-code 0.
...
000 (10040412.000.000) 2026-03-20 16:54:42 Job submitted from host: <10.128.10.103:9618?addrs=10.128.10.103-9618&alias=npx-submitter.icecube.wisc.edu&noUDP&sock=schedd_2477_982d>
...
001 (10040412.000.000) 2026-03-20 16:54:58 Job executing on host: <10.128.10.212:38655?addrs=10.128.10.212-38655&alias=n-gpu-54.icecube.wisc.edu>
	SlotName: slot1_13@n-gpu-54.icecube.wisc.edu
	admin_mutex_1 = 0
	admin_mutex_2 = 0
	admin_mutex_3 = 0
	AvailableGPUs = {  }
	CondorScratchDir = "/scratch/condor/dir_2406186"
	Cpus = 1
	Disk = 1001472
	GPUs = 0
	machine_token = 0
	Memory = 1024
...
006 (10040412.000.000) 2026-03-20 16:55:03 Image size of job updated: 144
	0  -  MemoryUsage of job (MB)
	0  -  ResidentSetSize of job (KB)
...
005 (10040412.000.000) 2026-03-20 16:55:03 Job terminated.
	(1) Normal termination (return value 0)
		Usr 0 00:00:00, Sys 0 00:00:00  -  Run Remote Usage
		Usr 0 00:00:00, Sys 0 00:00:00  -  Run Local Usage
		Usr 0 00:00:00, Sys 0 00:00:00  -  Total Remote Usage
		Usr 0 00:00:00, Sys 0 00:00:00  -  Total Local Usage
	0  -  Run Bytes Sent By Job
	0  -  Run Bytes Received By Job
	0  -  Total Bytes Sent By Job
	0  -  Total Bytes Received By Job
	Partitionable Resources :    Usage  Request Allocated 
	   admin_mutex_1         :                           0 
	   admin_mutex_2         :                           0 
	   admin_mutex_3         :                           0 
	   Cpus                  :        0        1         1 
	   Disk (KB)             :        1  1000000   1001472 
	   GPUs                  :                           0 
	   machine_token         :                           0 
	   Memory (MB)           :        0     1000      1024 
	   TimeExecute (s)       :        5                    
	   TimeSlotBusy (s)      :        5                    

	Job terminated of its own accord at 2026-03-20T21:55:03Z with exit-code 0.
...
000 (10040488.000.000) 2026-03-20 16:55:42 Job submitted from host: <10.128.10.103:9618?addrs=10.128.10.103-9618&alias=npx-submitter.icecube.wisc.edu&noUDP&sock=schedd_2477_982d>
...
001 (10040488.000.000) 2026-03-20 16:56:02 Job executing on host: <10.128.10.209:33203?addrs=10.128.10.209-33203&alias=n-gpu-51.icecube.wisc.edu>
	SlotName: slot1_12@n-gpu-51.icecube.wisc.edu
	admin_mutex_1 = 0
	admin_mutex_2 = 0
	admin_mutex_3 = 0
	AvailableGPUs = {  }
	CondorScratchDir = "/scratch/condor/dir_2777501"
	Cpus = 1
	Disk = 1001472
	GPUs = 0
	machine_token = 0
	Memory = 1024
...
006 (10040488.000.000) 2026-03-20 16:56:08 Image size of job updated: 156
	0  -  MemoryUsage of job (MB)
	0  -  ResidentSetSize of job (KB)
...
005 (10040488.000.000) 2026-03-20 16:56:09 Job terminated.
	(1) Normal termination (return value 0)
		Usr 0 00:00:00, Sys 0 00:00:00  -  Run Remote Usage
		Usr 0 00:00:00, Sys 0 00:00:00  -  Run Local Usage
		Usr 0 00:00:00, Sys 0 00:00:00  -  Total Remote Usage
		Usr 0 00:00:00, Sys 0 00:00:00  -  Total Local Usage
	0  -  Run Bytes Sent By Job
	0  -  Run Bytes Received By Job
	0  -  Total Bytes Sent By Job
	0  -  Total Bytes Received By Job
	Partitionable Resources :    Usage  Request Allocated 
	   admin_mutex_1         :                           0 
	   admin_mutex_2         :                           0 
	   admin_mutex_3         :                           0 
	   Cpus                  :        0        1         1 
	   Disk (KB)             :        1  1000000   1001472 
	   GPUs                  :                           0 
	   machine_token         :                           0 
	   Memory (MB)           :        0     1000      1024 
	   TimeExecute (s)       :        6                    
	   TimeSlotBusy (s)      :        6                    

	Job terminated of its own accord at 2026-03-20T21:56:08Z with exit-code 0.
...
000 (10048529.000.000) 2026-03-20 18:42:35 Job submitted from host: <10.128.10.103:9618?addrs=10.128.10.103-9618&alias=npx-submitter.icecube.wisc.edu&noUDP&sock=schedd_2477_982d>
...
001 (10048529.000.000) 2026-03-20 18:42:51 Job executing on host: <10.128.11.108:40317?addrs=10.128.11.108-40317&alias=n-r720-49.icecube.wisc.edu>
	SlotName: slot1_20@n-r720-49.icecube.wisc.edu
	admin_mutex_1 = 0
	admin_mutex_2 = 0
	admin_mutex_3 = 0
	CondorScratchDir = "/scratch/condor/dir_1465100"
	Cpus = 1
	Disk = 1002117
	GPUs = 0
	machine_token = 0
	Memory = 1024
...
006 (10048529.000.000) 2026-03-20 18:43:04 Image size of job updated: 78276
	77  -  MemoryUsage of job (MB)
	78276  -  ResidentSetSize of job (KB)
...
006 (10048529.000.000) 2026-03-20 18:48:04 Image size of job updated: 83452
	82  -  MemoryUsage of job (MB)
	83452  -  ResidentSetSize of job (KB)
...
006 (10048529.000.000) 2026-03-20 18:53:05 Image size of job updated: 83800
	82  -  MemoryUsage of job (MB)
	83800  -  ResidentSetSize of job (KB)
...
006 (10048529.000.000) 2026-03-20 18:58:06 Image size of job updated: 84140
	83  -  MemoryUsage of job (MB)
	84140  -  ResidentSetSize of job (KB)
...
006 (10048529.000.000) 2026-03-20 19:03:06 Image size of job updated: 84148
	83  -  MemoryUsage of job (MB)
	84148  -  ResidentSetSize of job (KB)
...
006 (10048529.000.000) 2026-03-20 20:38:14 Image size of job updated: 86696
	85  -  MemoryUsage of job (MB)
	86696  -  ResidentSetSize of job (KB)
...
005 (10048529.000.000) 2026-03-20 23:27:49 Job terminated.
	(1) Normal termination (return value 0)
		Usr 0 00:18:40, Sys 0 00:01:10  -  Run Remote Usage
		Usr 0 00:00:00, Sys 0 00:00:00  -  Run Local Usage
		Usr 0 00:18:40, Sys 0 00:01:10  -  Total Remote Usage
		Usr 0 00:00:00, Sys 0 00:00:00  -  Total Local Usage
	0  -  Run Bytes Sent By Job
	0  -  Run Bytes Received By Job
	0  -  Total Bytes Sent By Job
	0  -  Total Bytes Received By Job
	Partitionable Resources :    Usage  Request Allocated 
	   admin_mutex_1         :                           0 
	   admin_mutex_2         :                           0 
	   admin_mutex_3         :                           0 
	   Cpus                  :     0.06        1         1 
	   Disk (KB)             :     1     1000000   1002117 
	   GPUs                  :                           0 
	   machine_token         :                           0 
	   Memory (MB)           :    85        1000      1024 
	   TimeExecute (s)       : 17098                       
	   TimeSlotBusy (s)      : 17098                       

	Job terminated of its own accord at 2026-03-21T04:27:49Z with exit-code 0.
...
000 (11573093.000.000) 2026-04-01 09:38:02 Job submitted from host: <10.128.10.103:9618?addrs=10.128.10.103-9618&alias=npx-submitter.icecube.wisc.edu&noUDP&sock=schedd_2477_982d>
...
001 (11573093.000.000) 2026-04-01 09:38:19 Job executing on host: <10.128.11.108:40317?addrs=10.128.11.108-40317&alias=n-r720-49.icecube.wisc.edu>
	SlotName: slot1_26@n-r720-49.icecube.wisc.edu
	admin_mutex_1 = 0
	admin_mutex_2 = 0
	admin_mutex_3 = 0
	CondorScratchDir = "/scratch/condor/dir_1439650"
	Cpus = 1
	Disk = 1002117
	GPUs = 0
	machine_token = 0
	Memory = 1024
...
006 (11573093.000.000) 2026-04-01 09:38:33 Image size of job updated: 44464
	44  -  MemoryUsage of job (MB)
	44464  -  ResidentSetSize of job (KB)
...
006 (11573093.000.000) 2026-04-01 09:43:34 Image size of job updated: 83472
	82  -  MemoryUsage of job (MB)
	83472  -  ResidentSetSize of job (KB)
...
006 (11573093.000.000) 2026-04-01 09:48:34 Image size of job updated: 83828
	82  -  MemoryUsage of job (MB)
	83828  -  ResidentSetSize of job (KB)
...
006 (11573093.000.000) 2026-04-01 09:53:35 Image size of job updated: 84144
	83  -  MemoryUsage of job (MB)
	84144  -  ResidentSetSize of job (KB)
...
006 (11573093.000.000) 2026-04-01 11:03:42 Image size of job updated: 86692
	85  -  MemoryUsage of job (MB)
	86692  -  ResidentSetSize of job (KB)
...
005 (11573093.000.000) 2026-04-01 23:24:55 Job terminated.
	(1) Normal termination (return value 0)
		Usr 0 00:25:44, Sys 0 00:01:54  -  Run Remote Usage
		Usr 0 00:00:00, Sys 0 00:00:00  -  Run Local Usage
		Usr 0 00:25:44, Sys 0 00:01:54  -  Total Remote Usage
		Usr 0 00:00:00, Sys 0 00:00:00  -  Total Local Usage
	0  -  Run Bytes Sent By Job
	0  -  Run Bytes Received By Job
	0  -  Total Bytes Sent By Job
	0  -  Total Bytes Received By Job
	Partitionable Resources :    Usage  Request Allocated 
	   admin_mutex_1         :                           0 
	   admin_mutex_2         :                           0 
	   admin_mutex_3         :                           0 
	   Cpus                  :     0.02        1         1 
	   Disk (KB)             :     1     1000000   1002117 
	   GPUs                  :                           0 
	   machine_token         :                           0 
	   Memory (MB)           :    85        1000      1024 
	   TimeExecute (s)       : 49596                       
	   TimeSlotBusy (s)      : 49596                       

	Job terminated of its own accord at 2026-04-02T04:24:55Z with exit-code 0.
...
