000 (11571549.000.000) 2026-04-01 09:34:28 Job submitted from host: <10.128.10.103:9618?addrs=10.128.10.103-9618&alias=npx-submitter.icecube.wisc.edu&noUDP&sock=schedd_2477_982d>
...
001 (11571549.000.000) 2026-04-01 09:34:48 Job executing on host: <10.128.10.95:33821?addrs=10.128.10.95-33821&alias=n-r710-11.icecube.wisc.edu>
	SlotName: slot1_15@n-r710-11.icecube.wisc.edu
	admin_mutex_1 = 0
	admin_mutex_2 = 0
	admin_mutex_3 = 0
	CondorScratchDir = "/scratch/condor/dir_2347836"
	Cpus = 1
	Disk = 1001472
	GPUs = 0
	machine_token = 0
	Memory = 1024
...
006 (11571549.000.000) 2026-04-01 09:35:02 Image size of job updated: 44632
	44  -  MemoryUsage of job (MB)
	44632  -  ResidentSetSize of job (KB)
...
006 (11571549.000.000) 2026-04-01 09:40:03 Image size of job updated: 84272
	83  -  MemoryUsage of job (MB)
	84272  -  ResidentSetSize of job (KB)
...
006 (11571549.000.000) 2026-04-01 09:45:03 Image size of job updated: 84628
	83  -  MemoryUsage of job (MB)
	84628  -  ResidentSetSize of job (KB)
...
006 (11571549.000.000) 2026-04-01 09:50:03 Image size of job updated: 84964
	83  -  MemoryUsage of job (MB)
	84964  -  ResidentSetSize of job (KB)
...
006 (11571549.000.000) 2026-04-01 09:55:04 Image size of job updated: 85012
	84  -  MemoryUsage of job (MB)
	85012  -  ResidentSetSize of job (KB)
...
006 (11571549.000.000) 2026-04-01 12:30:19 Image size of job updated: 86540
	85  -  MemoryUsage of job (MB)
	86540  -  ResidentSetSize of job (KB)
...
022 (11571549.000.000) 2026-04-01 18:54:13 Job disconnected, attempting to reconnect
    Socket between submit and execute hosts closed unexpectedly
    Trying to reconnect to slot1_15@n-r710-11.icecube.wisc.edu <10.128.10.95:33821?addrs=10.128.10.95-33821&alias=n-r710-11.icecube.wisc.edu>
...
023 (11571549.000.000) 2026-04-01 18:56:27 Job reconnected to slot1_15@n-r710-11.icecube.wisc.edu
    startd address: <10.128.10.95:33821?addrs=10.128.10.95-33821&alias=n-r710-11.icecube.wisc.edu>
    starter address: <10.128.10.95:37211?addrs=10.128.10.95-37211&alias=n-r710-11.icecube.wisc.edu>
...
005 (11571549.000.000) 2026-04-01 23:33:22 Job terminated.
	(1) Normal termination (return value 0)
		Usr 0 00:44:04, Sys 0 00:02:47  -  Run Remote Usage
		Usr 0 00:00:00, Sys 0 00:00:00  -  Run Local Usage
		Usr 0 00:44:04, Sys 0 00:02:47  -  Total Remote Usage
		Usr 0 00:00:00, Sys 0 00:00:00  -  Total Local Usage
	0  -  Run Bytes Sent By Job
	0  -  Run Bytes Received By Job
	0  -  Total Bytes Sent By Job
	0  -  Total Bytes Received By Job
	Partitionable Resources :    Usage  Request Allocated 
	   admin_mutex_1         :                           0 
	   admin_mutex_2         :                           0 
	   admin_mutex_3         :                           0 
	   Cpus                  :     0.03        1         1 
	   Disk (KB)             :     1     1000000   1001472 
	   GPUs                  :                           0 
	   machine_token         :                           0 
	   Memory (MB)           :    85        1000      1024 
	   TimeExecute (s)       : 50314                       
	   TimeSlotBusy (s)      : 50314                       

	Job terminated of its own accord at 2026-04-02T04:33:22Z with exit-code 0.
...
