000 (11573806.000.000) 2026-04-01 09:39:45 Job submitted from host: <10.128.10.103:9618?addrs=10.128.10.103-9618&alias=npx-submitter.icecube.wisc.edu&noUDP&sock=schedd_2477_982d>
...
001 (11573806.000.000) 2026-04-01 09:40:04 Job executing on host: <10.128.11.115:36959?addrs=10.128.11.115-36959&alias=n-r720-55.icecube.wisc.edu>
	SlotName: slot1_32@n-r720-55.icecube.wisc.edu
	admin_mutex_1 = 0
	admin_mutex_2 = 0
	admin_mutex_3 = 0
	CondorScratchDir = "/scratch/condor/dir_2217854"
	Cpus = 1
	Disk = 1001472
	GPUs = 0
	machine_token = 0
	Memory = 1024
...
006 (11573806.000.000) 2026-04-01 09:40:18 Image size of job updated: 44192
	44  -  MemoryUsage of job (MB)
	44192  -  ResidentSetSize of job (KB)
...
006 (11573806.000.000) 2026-04-01 09:45:19 Image size of job updated: 83444
	82  -  MemoryUsage of job (MB)
	83444  -  ResidentSetSize of job (KB)
...
006 (11573806.000.000) 2026-04-01 09:50:19 Image size of job updated: 83800
	82  -  MemoryUsage of job (MB)
	83800  -  ResidentSetSize of job (KB)
...
006 (11573806.000.000) 2026-04-01 09:55:19 Image size of job updated: 84148
	83  -  MemoryUsage of job (MB)
	84148  -  ResidentSetSize of job (KB)
...
005 (11573806.000.000) 2026-04-01 15:09:54 Job terminated.
	(1) Normal termination (return value 0)
		Usr 0 00:33:25, Sys 0 00:01:58  -  Run Remote Usage
		Usr 0 00:00:00, Sys 0 00:00:00  -  Run Local Usage
		Usr 0 00:33:25, Sys 0 00:01:58  -  Total Remote Usage
		Usr 0 00:00:00, Sys 0 00:00:00  -  Total Local Usage
	0  -  Run Bytes Sent By Job
	0  -  Run Bytes Received By Job
	0  -  Total Bytes Sent By Job
	0  -  Total Bytes Received By Job
	Partitionable Resources :    Usage  Request Allocated 
	   admin_mutex_1         :                           0 
	   admin_mutex_2         :                           0 
	   admin_mutex_3         :                           0 
	   Cpus                  :     0.05        1         1 
	   Disk (KB)             :     1     1000000   1001472 
	   GPUs                  :                           0 
	   machine_token         :                           0 
	   Memory (MB)           :    83        1000      1024 
	   TimeExecute (s)       : 19790                       
	   TimeSlotBusy (s)      : 19790                       

	Job terminated of its own accord at 2026-04-01T20:09:54Z with exit-code 0.
...
