000 (10037908.000.000) 2026-03-20 16:16:23 Job submitted from host: <10.128.10.103:9618?addrs=10.128.10.103-9618&alias=npx-submitter.icecube.wisc.edu&noUDP&sock=schedd_2477_982d>
...
001 (10037908.000.000) 2026-03-20 16:16:35 Job executing on host: <10.128.11.112:41009?addrs=10.128.11.112-41009&alias=n-r720-53.icecube.wisc.edu>
	SlotName: slot1_21@n-r720-53.icecube.wisc.edu
	admin_mutex_1 = 0
	admin_mutex_2 = 0
	admin_mutex_3 = 0
	CondorScratchDir = "/scratch/condor/dir_2789581"
	Cpus = 1
	Disk = 1002117
	GPUs = 0
	machine_token = 0
	Memory = 1024
...
006 (10037908.000.000) 2026-03-20 16:16:40 Image size of job updated: 100
	0  -  MemoryUsage of job (MB)
	0  -  ResidentSetSize of job (KB)
...
005 (10037908.000.000) 2026-03-20 16:16:40 Job terminated.
	(1) Normal termination (return value 0)
		Usr 0 00:00:00, Sys 0 00:00:00  -  Run Remote Usage
		Usr 0 00:00:00, Sys 0 00:00:00  -  Run Local Usage
		Usr 0 00:00:00, Sys 0 00:00:00  -  Total Remote Usage
		Usr 0 00:00:00, Sys 0 00:00:00  -  Total Local Usage
	0  -  Run Bytes Sent By Job
	0  -  Run Bytes Received By Job
	0  -  Total Bytes Sent By Job
	0  -  Total Bytes Received By Job
	Partitionable Resources :    Usage  Request Allocated 
	   admin_mutex_1         :                           0 
	   admin_mutex_2         :                           0 
	   admin_mutex_3         :                           0 
	   Cpus                  :        0        1         1 
	   Disk (KB)             :        1  1000000   1002117 
	   GPUs                  :                           0 
	   machine_token         :                           0 
	   Memory (MB)           :        0     1000      1024 
	   TimeExecute (s)       :        5                    
	   TimeSlotBusy (s)      :        5                    

	Job terminated of its own accord at 2026-03-20T21:16:40Z with exit-code 0.
...
000 (10040408.000.000) 2026-03-20 16:54:40 Job submitted from host: <10.128.10.103:9618?addrs=10.128.10.103-9618&alias=npx-submitter.icecube.wisc.edu&noUDP&sock=schedd_2477_982d>
...
001 (10040408.000.000) 2026-03-20 16:54:58 Job executing on host: <10.128.10.208:46465?addrs=10.128.10.208-46465&alias=n-gpu-50.icecube.wisc.edu>
	SlotName: slot1_14@n-gpu-50.icecube.wisc.edu
	admin_mutex_1 = 0
	admin_mutex_2 = 0
	admin_mutex_3 = 0
	AvailableGPUs = {  }
	CondorScratchDir = "/scratch/condor/dir_3035408"
	Cpus = 1
	Disk = 1001472
	GPUs = 0
	machine_token = 0
	Memory = 1024
...
006 (10040408.000.000) 2026-03-20 16:55:03 Image size of job updated: 144
	0  -  MemoryUsage of job (MB)
	0  -  ResidentSetSize of job (KB)
...
005 (10040408.000.000) 2026-03-20 16:55:03 Job terminated.
	(1) Normal termination (return value 0)
		Usr 0 00:00:00, Sys 0 00:00:00  -  Run Remote Usage
		Usr 0 00:00:00, Sys 0 00:00:00  -  Run Local Usage
		Usr 0 00:00:00, Sys 0 00:00:00  -  Total Remote Usage
		Usr 0 00:00:00, Sys 0 00:00:00  -  Total Local Usage
	0  -  Run Bytes Sent By Job
	0  -  Run Bytes Received By Job
	0  -  Total Bytes Sent By Job
	0  -  Total Bytes Received By Job
	Partitionable Resources :    Usage  Request Allocated 
	   admin_mutex_1         :                           0 
	   admin_mutex_2         :                           0 
	   admin_mutex_3         :                           0 
	   Cpus                  :        0        1         1 
	   Disk (KB)             :        1  1000000   1001472 
	   GPUs                  :                           0 
	   machine_token         :                           0 
	   Memory (MB)           :        0     1000      1024 
	   TimeExecute (s)       :        5                    
	   TimeSlotBusy (s)      :        5                    

	Job terminated of its own accord at 2026-03-20T21:55:03Z with exit-code 0.
...
000 (10040484.000.000) 2026-03-20 16:55:39 Job submitted from host: <10.128.10.103:9618?addrs=10.128.10.103-9618&alias=npx-submitter.icecube.wisc.edu&noUDP&sock=schedd_2477_982d>
...
001 (10040484.000.000) 2026-03-20 16:56:02 Job executing on host: <10.128.10.213:33967?addrs=10.128.10.213-33967&alias=n-gpu-55.icecube.wisc.edu>
	SlotName: slot1_16@n-gpu-55.icecube.wisc.edu
	admin_mutex_1 = 0
	admin_mutex_2 = 0
	admin_mutex_3 = 0
	AvailableGPUs = {  }
	CondorScratchDir = "/scratch/condor/dir_2395899"
	Cpus = 1
	Disk = 1001472
	GPUs = 0
	machine_token = 0
	Memory = 1024
...
006 (10040484.000.000) 2026-03-20 16:56:08 Image size of job updated: 144
	0  -  MemoryUsage of job (MB)
	0  -  ResidentSetSize of job (KB)
...
005 (10040484.000.000) 2026-03-20 16:56:09 Job terminated.
	(1) Normal termination (return value 0)
		Usr 0 00:00:00, Sys 0 00:00:00  -  Run Remote Usage
		Usr 0 00:00:00, Sys 0 00:00:00  -  Run Local Usage
		Usr 0 00:00:00, Sys 0 00:00:00  -  Total Remote Usage
		Usr 0 00:00:00, Sys 0 00:00:00  -  Total Local Usage
	0  -  Run Bytes Sent By Job
	0  -  Run Bytes Received By Job
	0  -  Total Bytes Sent By Job
	0  -  Total Bytes Received By Job
	Partitionable Resources :    Usage  Request Allocated 
	   admin_mutex_1         :                           0 
	   admin_mutex_2         :                           0 
	   admin_mutex_3         :                           0 
	   Cpus                  :        0        1         1 
	   Disk (KB)             :        1  1000000   1001472 
	   GPUs                  :                           0 
	   machine_token         :                           0 
	   Memory (MB)           :        0     1000      1024 
	   TimeExecute (s)       :        6                    
	   TimeSlotBusy (s)      :        6                    

	Job terminated of its own accord at 2026-03-20T21:56:08Z with exit-code 0.
...
000 (10048524.000.000) 2026-03-20 18:42:33 Job submitted from host: <10.128.10.103:9618?addrs=10.128.10.103-9618&alias=npx-submitter.icecube.wisc.edu&noUDP&sock=schedd_2477_982d>
...
001 (10048524.000.000) 2026-03-20 18:42:51 Job executing on host: <10.128.10.85:34621?addrs=10.128.10.85-34621&alias=n-r710-24.icecube.wisc.edu>
	SlotName: slot1_18@n-r710-24.icecube.wisc.edu
	admin_mutex_1 = 0
	admin_mutex_2 = 0
	admin_mutex_3 = 0
	CondorScratchDir = "/scratch/condor/dir_254520"
	Cpus = 1
	Disk = 1001472
	GPUs = 0
	machine_token = 0
	Memory = 1024
...
006 (10048524.000.000) 2026-03-20 18:43:04 Image size of job updated: 78244
	77  -  MemoryUsage of job (MB)
	78244  -  ResidentSetSize of job (KB)
...
006 (10048524.000.000) 2026-03-20 18:48:04 Image size of job updated: 84304
	83  -  MemoryUsage of job (MB)
	84304  -  ResidentSetSize of job (KB)
...
006 (10048524.000.000) 2026-03-20 18:53:05 Image size of job updated: 85412
	84  -  MemoryUsage of job (MB)
	85412  -  ResidentSetSize of job (KB)
...
006 (10048524.000.000) 2026-03-20 18:58:06 Image size of job updated: 85728
	84  -  MemoryUsage of job (MB)
	85728  -  ResidentSetSize of job (KB)
...
006 (10048524.000.000) 2026-03-20 19:03:06 Image size of job updated: 85800
	84  -  MemoryUsage of job (MB)
	85800  -  ResidentSetSize of job (KB)
...
006 (10048524.000.000) 2026-03-20 19:23:09 Image size of job updated: 87436
	86  -  MemoryUsage of job (MB)
	87436  -  ResidentSetSize of job (KB)
...
006 (10048524.000.000) 2026-03-20 20:38:15 Image size of job updated: 87460
	86  -  MemoryUsage of job (MB)
	87460  -  ResidentSetSize of job (KB)
...
006 (10048524.000.000) 2026-03-20 20:48:17 Image size of job updated: 87468
	86  -  MemoryUsage of job (MB)
	87468  -  ResidentSetSize of job (KB)
...
006 (10048524.000.000) 2026-03-20 21:13:19 Image size of job updated: 87480
	86  -  MemoryUsage of job (MB)
	87480  -  ResidentSetSize of job (KB)
...
006 (10048524.000.000) 2026-03-20 21:18:20 Image size of job updated: 87508
	86  -  MemoryUsage of job (MB)
	87508  -  ResidentSetSize of job (KB)
...
006 (10048524.000.000) 2026-03-20 22:03:24 Image size of job updated: 87520
	86  -  MemoryUsage of job (MB)
	87520  -  ResidentSetSize of job (KB)
...
006 (10048524.000.000) 2026-03-20 22:48:30 Image size of job updated: 87896
	86  -  MemoryUsage of job (MB)
	87896  -  ResidentSetSize of job (KB)
...
006 (10048524.000.000) 2026-03-20 22:58:31 Image size of job updated: 87904
	86  -  MemoryUsage of job (MB)
	87904  -  ResidentSetSize of job (KB)
...
005 (10048524.000.000) 2026-03-20 23:49:36 Job terminated.
	(1) Normal termination (return value 0)
		Usr 0 00:38:04, Sys 0 00:02:26  -  Run Remote Usage
		Usr 0 00:00:00, Sys 0 00:00:00  -  Run Local Usage
		Usr 0 00:38:04, Sys 0 00:02:26  -  Total Remote Usage
		Usr 0 00:00:00, Sys 0 00:00:00  -  Total Local Usage
	0  -  Run Bytes Sent By Job
	0  -  Run Bytes Received By Job
	0  -  Total Bytes Sent By Job
	0  -  Total Bytes Received By Job
	Partitionable Resources :    Usage  Request Allocated 
	   admin_mutex_1         :                           0 
	   admin_mutex_2         :                           0 
	   admin_mutex_3         :                           0 
	   Cpus                  :     0.11        1         1 
	   Disk (KB)             :     1     1000000   1001472 
	   GPUs                  :                           0 
	   machine_token         :                           0 
	   Memory (MB)           :    86        1000      1024 
	   TimeExecute (s)       : 18405                       
	   TimeSlotBusy (s)      : 18405                       

	Job terminated of its own accord at 2026-03-21T04:49:36Z with exit-code 0.
...
000 (11570287.000.000) 2026-04-01 09:31:41 Job submitted from host: <10.128.10.103:9618?addrs=10.128.10.103-9618&alias=npx-submitter.icecube.wisc.edu&noUDP&sock=schedd_2477_982d>
...
001 (11570287.000.000) 2026-04-01 09:31:59 Job executing on host: <10.128.11.112:41009?addrs=10.128.11.112-41009&alias=n-r720-53.icecube.wisc.edu>
	SlotName: slot1_7@n-r720-53.icecube.wisc.edu
	admin_mutex_1 = 0
	admin_mutex_2 = 0
	admin_mutex_3 = 0
	CondorScratchDir = "/scratch/condor/dir_2865704"
	Cpus = 1
	Disk = 1002117
	GPUs = 0
	machine_token = 0
	Memory = 1024
...
006 (11570287.000.000) 2026-04-01 09:32:13 Image size of job updated: 45756
	45  -  MemoryUsage of job (MB)
	45756  -  ResidentSetSize of job (KB)
...
006 (11570287.000.000) 2026-04-01 09:37:14 Image size of job updated: 82296
	81  -  MemoryUsage of job (MB)
	82296  -  ResidentSetSize of job (KB)
...
006 (11570287.000.000) 2026-04-01 09:42:14 Image size of job updated: 83500
	82  -  MemoryUsage of job (MB)
	83500  -  ResidentSetSize of job (KB)
...
006 (11570287.000.000) 2026-04-01 09:47:14 Image size of job updated: 83804
	82  -  MemoryUsage of job (MB)
	83804  -  ResidentSetSize of job (KB)
...
006 (11570287.000.000) 2026-04-01 11:17:25 Image size of job updated: 87372
	86  -  MemoryUsage of job (MB)
	87372  -  ResidentSetSize of job (KB)
...
006 (11570287.000.000) 2026-04-01 11:22:25 Image size of job updated: 87436
	86  -  MemoryUsage of job (MB)
	87436  -  ResidentSetSize of job (KB)
...
005 (11570287.000.000) 2026-04-02 00:16:40 Job terminated.
	(1) Normal termination (return value 0)
		Usr 0 00:21:52, Sys 0 00:01:36  -  Run Remote Usage
		Usr 0 00:00:00, Sys 0 00:00:00  -  Run Local Usage
		Usr 0 00:21:52, Sys 0 00:01:36  -  Total Remote Usage
		Usr 0 00:00:00, Sys 0 00:00:00  -  Total Local Usage
	0  -  Run Bytes Sent By Job
	0  -  Run Bytes Received By Job
	0  -  Total Bytes Sent By Job
	0  -  Total Bytes Received By Job
	Partitionable Resources :    Usage  Request Allocated 
	   admin_mutex_1         :                           0 
	   admin_mutex_2         :                           0 
	   admin_mutex_3         :                           0 
	   Cpus                  :     0.01        1         1 
	   Disk (KB)             :     1     1000000   1002117 
	   GPUs                  :                           0 
	   machine_token         :                           0 
	   Memory (MB)           :    86        1000      1024 
	   TimeExecute (s)       : 53081                       
	   TimeSlotBusy (s)      : 53081                       

	Job terminated of its own accord at 2026-04-02T05:16:40Z with exit-code 0.
...
