000 (11581993.000.000) 2026-04-01 10:17:56 Job submitted from host: <10.128.10.103:9618?addrs=10.128.10.103-9618&alias=npx-submitter.icecube.wisc.edu&noUDP&sock=schedd_2477_982d>
...
001 (11581993.000.000) 2026-04-01 10:18:01 Job executing on host: <10.128.10.238:38681?addrs=10.128.10.238-38681&alias=n-gpu-42.icecube.wisc.edu>
	SlotName: slot1_25@n-gpu-42.icecube.wisc.edu
	admin_mutex_1 = 0
	admin_mutex_2 = 0
	admin_mutex_3 = 0
	AvailableGPUs = {  }
	CondorScratchDir = "/scratch/condor/dir_282239"
	Cpus = 1
	Disk = 1001472
	GPUs = 0
	machine_token = 0
	Memory = 1024
...
006 (11581993.000.000) 2026-04-01 10:18:14 Image size of job updated: 50368
	50  -  MemoryUsage of job (MB)
	50368  -  ResidentSetSize of job (KB)
...
006 (11581993.000.000) 2026-04-01 10:23:14 Image size of job updated: 57084
	56  -  MemoryUsage of job (MB)
	57084  -  ResidentSetSize of job (KB)
...
006 (11581993.000.000) 2026-04-01 10:28:15 Image size of job updated: 57460
	57  -  MemoryUsage of job (MB)
	57460  -  ResidentSetSize of job (KB)
...
006 (11581993.000.000) 2026-04-01 10:33:16 Image size of job updated: 57716
	57  -  MemoryUsage of job (MB)
	57716  -  ResidentSetSize of job (KB)
...
005 (11581993.000.000) 2026-04-01 11:53:17 Job terminated.
	(1) Normal termination (return value 0)
		Usr 0 00:05:28, Sys 0 00:00:27  -  Run Remote Usage
		Usr 0 00:00:00, Sys 0 00:00:00  -  Run Local Usage
		Usr 0 00:05:28, Sys 0 00:00:27  -  Total Remote Usage
		Usr 0 00:00:00, Sys 0 00:00:00  -  Total Local Usage
	0  -  Run Bytes Sent By Job
	0  -  Run Bytes Received By Job
	0  -  Total Bytes Sent By Job
	0  -  Total Bytes Received By Job
	Partitionable Resources :    Usage  Request Allocated 
	   admin_mutex_1         :                           0 
	   admin_mutex_2         :                           0 
	   admin_mutex_3         :                           0 
	   Cpus                  :     0.07        1         1 
	   Disk (KB)             :     1     1000000   1001472 
	   GPUs                  :                           0 
	   machine_token         :                           0 
	   Memory (MB)           :    57        1000      1024 
	   TimeExecute (s)       :  5716                       
	   TimeSlotBusy (s)      :  5717                       

	Job terminated of its own accord at 2026-04-01T16:53:17Z with exit-code 0.
...
