000 (11580431.000.000) 2026-04-01 09:56:16 Job submitted from host: <10.128.10.103:9618?addrs=10.128.10.103-9618&alias=npx-submitter.icecube.wisc.edu&noUDP&sock=schedd_2477_982d>
...
001 (11580431.000.000) 2026-04-01 09:56:36 Job executing on host: <10.128.10.87:37891?addrs=10.128.10.87-37891&alias=n-r710-6.icecube.wisc.edu>
	SlotName: slot1_11@n-r710-6.icecube.wisc.edu
	admin_mutex_1 = 0
	admin_mutex_2 = 0
	admin_mutex_3 = 0
	CondorScratchDir = "/scratch/condor/dir_3826174"
	Cpus = 1
	Disk = 1001472
	GPUs = 0
	machine_token = 0
	Memory = 1024
...
006 (11580431.000.000) 2026-04-01 09:56:50 Image size of job updated: 48424
	48  -  MemoryUsage of job (MB)
	48424  -  ResidentSetSize of job (KB)
...
006 (11580431.000.000) 2026-04-01 10:01:51 Image size of job updated: 83344
	82  -  MemoryUsage of job (MB)
	83344  -  ResidentSetSize of job (KB)
...
006 (11580431.000.000) 2026-04-01 10:06:52 Image size of job updated: 83736
	82  -  MemoryUsage of job (MB)
	83736  -  ResidentSetSize of job (KB)
...
006 (11580431.000.000) 2026-04-01 10:11:52 Image size of job updated: 84056
	83  -  MemoryUsage of job (MB)
	84056  -  ResidentSetSize of job (KB)
...
005 (11580431.000.000) 2026-04-02 00:08:25 Job terminated.
	(1) Normal termination (return value 0)
		Usr 0 00:15:06, Sys 0 00:01:10  -  Run Remote Usage
		Usr 0 00:00:00, Sys 0 00:00:00  -  Run Local Usage
		Usr 0 00:15:06, Sys 0 00:01:10  -  Total Remote Usage
		Usr 0 00:00:00, Sys 0 00:00:00  -  Total Local Usage
	0  -  Run Bytes Sent By Job
	0  -  Run Bytes Received By Job
	0  -  Total Bytes Sent By Job
	0  -  Total Bytes Received By Job
	Partitionable Resources :    Usage  Request Allocated 
	   admin_mutex_1         :                           0 
	   admin_mutex_2         :                           0 
	   admin_mutex_3         :                           0 
	   Cpus                  :     0.01        1         1 
	   Disk (KB)             :     1     1000000   1001472 
	   GPUs                  :                           0 
	   machine_token         :                           0 
	   Memory (MB)           :    83        1000      1024 
	   TimeExecute (s)       : 51109                       
	   TimeSlotBusy (s)      : 51109                       

	Job terminated of its own accord at 2026-04-02T05:08:25Z with exit-code 0.
...
