000 (11581760.000.000) 2026-04-01 10:13:30 Job submitted from host: <10.128.10.103:9618?addrs=10.128.10.103-9618&alias=npx-submitter.icecube.wisc.edu&noUDP&sock=schedd_2477_982d>
...
001 (11581760.000.000) 2026-04-01 10:13:39 Job executing on host: <10.128.10.238:38681?addrs=10.128.10.238-38681&alias=n-gpu-42.icecube.wisc.edu>
	SlotName: slot1_71@n-gpu-42.icecube.wisc.edu
	admin_mutex_1 = 0
	admin_mutex_2 = 0
	admin_mutex_3 = 0
	AvailableGPUs = {  }
	CondorScratchDir = "/scratch/condor/dir_267383"
	Cpus = 1
	Disk = 1001472
	GPUs = 0
	machine_token = 0
	Memory = 1024
...
006 (11581760.000.000) 2026-04-01 10:13:53 Image size of job updated: 46320
	46  -  MemoryUsage of job (MB)
	46320  -  ResidentSetSize of job (KB)
...
006 (11581760.000.000) 2026-04-01 10:18:54 Image size of job updated: 81392
	80  -  MemoryUsage of job (MB)
	81392  -  ResidentSetSize of job (KB)
...
006 (11581760.000.000) 2026-04-01 10:23:54 Image size of job updated: 81784
	80  -  MemoryUsage of job (MB)
	81784  -  ResidentSetSize of job (KB)
...
006 (11581760.000.000) 2026-04-01 10:28:55 Image size of job updated: 82112
	81  -  MemoryUsage of job (MB)
	82112  -  ResidentSetSize of job (KB)
...
005 (11581760.000.000) 2026-04-01 22:09:12 Job terminated.
	(1) Normal termination (return value 0)
		Usr 0 00:16:47, Sys 0 00:01:28  -  Run Remote Usage
		Usr 0 00:00:00, Sys 0 00:00:00  -  Run Local Usage
		Usr 0 00:16:47, Sys 0 00:01:28  -  Total Remote Usage
		Usr 0 00:00:00, Sys 0 00:00:00  -  Total Local Usage
	0  -  Run Bytes Sent By Job
	0  -  Run Bytes Received By Job
	0  -  Total Bytes Sent By Job
	0  -  Total Bytes Received By Job
	Partitionable Resources :    Usage  Request Allocated 
	   admin_mutex_1         :                           0 
	   admin_mutex_2         :                           0 
	   admin_mutex_3         :                           0 
	   Cpus                  :     0.01        1         1 
	   Disk (KB)             :     1     1000000   1001472 
	   GPUs                  :                           0 
	   machine_token         :                           0 
	   Memory (MB)           :    81        1000      1024 
	   TimeExecute (s)       : 42933                       
	   TimeSlotBusy (s)      : 42933                       

	Job terminated of its own accord at 2026-04-02T03:09:12Z with exit-code 0.
...
