000 (10037934.000.000) 2026-03-20 16:16:45 Job submitted from host: <10.128.10.103:9618?addrs=10.128.10.103-9618&alias=npx-submitter.icecube.wisc.edu&noUDP&sock=schedd_2477_982d>
...
001 (10037934.000.000) 2026-03-20 16:16:53 Job executing on host: <10.128.10.208:46465?addrs=10.128.10.208-46465&alias=n-gpu-50.icecube.wisc.edu>
	SlotName: slot1_14@n-gpu-50.icecube.wisc.edu
	admin_mutex_1 = 0
	admin_mutex_2 = 0
	admin_mutex_3 = 0
	AvailableGPUs = {  }
	CondorScratchDir = "/scratch/condor/dir_2854428"
	Cpus = 1
	Disk = 1001472
	GPUs = 0
	machine_token = 0
	Memory = 1024
...
006 (10037934.000.000) 2026-03-20 16:16:58 Image size of job updated: 16
	0  -  MemoryUsage of job (MB)
	0  -  ResidentSetSize of job (KB)
...
005 (10037934.000.000) 2026-03-20 16:16:58 Job terminated.
	(1) Normal termination (return value 0)
		Usr 0 00:00:00, Sys 0 00:00:00  -  Run Remote Usage
		Usr 0 00:00:00, Sys 0 00:00:00  -  Run Local Usage
		Usr 0 00:00:00, Sys 0 00:00:00  -  Total Remote Usage
		Usr 0 00:00:00, Sys 0 00:00:00  -  Total Local Usage
	0  -  Run Bytes Sent By Job
	0  -  Run Bytes Received By Job
	0  -  Total Bytes Sent By Job
	0  -  Total Bytes Received By Job
	Partitionable Resources :    Usage  Request Allocated 
	   admin_mutex_1         :                           0 
	   admin_mutex_2         :                           0 
	   admin_mutex_3         :                           0 
	   Cpus                  :        0        1         1 
	   Disk (KB)             :        1  1000000   1001472 
	   GPUs                  :                           0 
	   machine_token         :                           0 
	   Memory (MB)           :        0     1000      1024 
	   TimeExecute (s)       :        5                    
	   TimeSlotBusy (s)      :        6                    

	Job terminated of its own accord at 2026-03-20T21:16:58Z with exit-code 0.
...
000 (10040415.000.000) 2026-03-20 16:54:44 Job submitted from host: <10.128.10.103:9618?addrs=10.128.10.103-9618&alias=npx-submitter.icecube.wisc.edu&noUDP&sock=schedd_2477_982d>
...
001 (10040415.000.000) 2026-03-20 16:54:58 Job executing on host: <10.128.11.64:46337?addrs=10.128.11.64-46337&alias=n-r710-34.icecube.wisc.edu>
	SlotName: slot1_13@n-r710-34.icecube.wisc.edu
	admin_mutex_1 = 0
	admin_mutex_2 = 0
	admin_mutex_3 = 0
	CondorScratchDir = "/scratch/condor/dir_1299817"
	Cpus = 1
	Disk = 1002181
	GPUs = 0
	machine_token = 0
	Memory = 1024
...
006 (10040415.000.000) 2026-03-20 16:55:03 Image size of job updated: 176
	0  -  MemoryUsage of job (MB)
	0  -  ResidentSetSize of job (KB)
...
005 (10040415.000.000) 2026-03-20 16:55:03 Job terminated.
	(1) Normal termination (return value 0)
		Usr 0 00:00:00, Sys 0 00:00:00  -  Run Remote Usage
		Usr 0 00:00:00, Sys 0 00:00:00  -  Run Local Usage
		Usr 0 00:00:00, Sys 0 00:00:00  -  Total Remote Usage
		Usr 0 00:00:00, Sys 0 00:00:00  -  Total Local Usage
	0  -  Run Bytes Sent By Job
	0  -  Run Bytes Received By Job
	0  -  Total Bytes Sent By Job
	0  -  Total Bytes Received By Job
	Partitionable Resources :    Usage  Request Allocated 
	   admin_mutex_1         :                           0 
	   admin_mutex_2         :                           0 
	   admin_mutex_3         :                           0 
	   Cpus                  :        0        1         1 
	   Disk (KB)             :        1  1000000   1002181 
	   GPUs                  :                           0 
	   machine_token         :                           0 
	   Memory (MB)           :        0     1000      1024 
	   TimeExecute (s)       :        5                    
	   TimeSlotBusy (s)      :        5                    

	Job terminated of its own accord at 2026-03-20T21:55:03Z with exit-code 0.
...
000 (10040494.000.000) 2026-03-20 16:55:43 Job submitted from host: <10.128.10.103:9618?addrs=10.128.10.103-9618&alias=npx-submitter.icecube.wisc.edu&noUDP&sock=schedd_2477_982d>
...
001 (10040494.000.000) 2026-03-20 16:56:02 Job executing on host: <10.128.10.85:34621?addrs=10.128.10.85-34621&alias=n-r710-24.icecube.wisc.edu>
	SlotName: slot1_18@n-r710-24.icecube.wisc.edu
	admin_mutex_1 = 0
	admin_mutex_2 = 0
	admin_mutex_3 = 0
	CondorScratchDir = "/scratch/condor/dir_4154492"
	Cpus = 1
	Disk = 1001472
	GPUs = 0
	machine_token = 0
	Memory = 1024
...
006 (10040494.000.000) 2026-03-20 16:56:08 Image size of job updated: 112
	0  -  MemoryUsage of job (MB)
	0  -  ResidentSetSize of job (KB)
...
005 (10040494.000.000) 2026-03-20 16:56:09 Job terminated.
	(1) Normal termination (return value 0)
		Usr 0 00:00:00, Sys 0 00:00:00  -  Run Remote Usage
		Usr 0 00:00:00, Sys 0 00:00:00  -  Run Local Usage
		Usr 0 00:00:00, Sys 0 00:00:00  -  Total Remote Usage
		Usr 0 00:00:00, Sys 0 00:00:00  -  Total Local Usage
	0  -  Run Bytes Sent By Job
	0  -  Run Bytes Received By Job
	0  -  Total Bytes Sent By Job
	0  -  Total Bytes Received By Job
	Partitionable Resources :    Usage  Request Allocated 
	   admin_mutex_1         :                           0 
	   admin_mutex_2         :                           0 
	   admin_mutex_3         :                           0 
	   Cpus                  :        0        1         1 
	   Disk (KB)             :        1  1000000   1001472 
	   GPUs                  :                           0 
	   machine_token         :                           0 
	   Memory (MB)           :        0     1000      1024 
	   TimeExecute (s)       :        6                    
	   TimeSlotBusy (s)      :        6                    

	Job terminated of its own accord at 2026-03-20T21:56:08Z with exit-code 0.
...
000 (10048532.000.000) 2026-03-20 18:42:36 Job submitted from host: <10.128.10.103:9618?addrs=10.128.10.103-9618&alias=npx-submitter.icecube.wisc.edu&noUDP&sock=schedd_2477_982d>
...
001 (10048532.000.000) 2026-03-20 18:42:51 Job executing on host: <10.128.11.105:34901?addrs=10.128.11.105-34901&alias=n-r720-46.icecube.wisc.edu>
	SlotName: slot1_1@n-r720-46.icecube.wisc.edu
	admin_mutex_1 = 0
	admin_mutex_2 = 0
	admin_mutex_3 = 0
	CondorScratchDir = "/scratch/condor/dir_878345"
	Cpus = 1
	Disk = 1002117
	GPUs = 0
	machine_token = 0
	Memory = 1024
...
006 (10048532.000.000) 2026-03-20 18:43:04 Image size of job updated: 58512
	58  -  MemoryUsage of job (MB)
	58512  -  ResidentSetSize of job (KB)
...
006 (10048532.000.000) 2026-03-20 18:48:04 Image size of job updated: 58852
	58  -  MemoryUsage of job (MB)
	58852  -  ResidentSetSize of job (KB)
...
006 (10048532.000.000) 2026-03-20 18:53:05 Image size of job updated: 59192
	58  -  MemoryUsage of job (MB)
	59192  -  ResidentSetSize of job (KB)
...
006 (10048532.000.000) 2026-03-20 18:58:06 Image size of job updated: 59532
	59  -  MemoryUsage of job (MB)
	59532  -  ResidentSetSize of job (KB)
...
006 (10048532.000.000) 2026-03-20 19:28:09 Image size of job updated: 62220
	61  -  MemoryUsage of job (MB)
	62220  -  ResidentSetSize of job (KB)
...
005 (10048532.000.000) 2026-03-20 20:21:50 Job terminated.
	(1) Normal termination (return value 0)
		Usr 0 00:06:19, Sys 0 00:00:23  -  Run Remote Usage
		Usr 0 00:00:00, Sys 0 00:00:00  -  Run Local Usage
		Usr 0 00:06:19, Sys 0 00:00:23  -  Total Remote Usage
		Usr 0 00:00:00, Sys 0 00:00:00  -  Total Local Usage
	0  -  Run Bytes Sent By Job
	0  -  Run Bytes Received By Job
	0  -  Total Bytes Sent By Job
	0  -  Total Bytes Received By Job
	Partitionable Resources :    Usage  Request Allocated 
	   admin_mutex_1         :                           0 
	   admin_mutex_2         :                           0 
	   admin_mutex_3         :                           0 
	   Cpus                  :     0.07        1         1 
	   Disk (KB)             :     1     1000000   1002117 
	   GPUs                  :                           0 
	   machine_token         :                           0 
	   Memory (MB)           :    61        1000      1024 
	   TimeExecute (s)       :  5939                       
	   TimeSlotBusy (s)      :  5939                       

	Job terminated of its own accord at 2026-03-21T01:21:50Z with exit-code 0.
...
000 (11576054.000.000) 2026-04-01 09:45:17 Job submitted from host: <10.128.10.103:9618?addrs=10.128.10.103-9618&alias=npx-submitter.icecube.wisc.edu&noUDP&sock=schedd_2477_982d>
...
001 (11576054.000.000) 2026-04-01 09:45:20 Job executing on host: <10.128.10.206:40401?addrs=10.128.10.206-40401&alias=sm-storage-1.icecube.wisc.edu>
	SlotName: slot1_3@sm-storage-1.icecube.wisc.edu
	admin_mutex_1 = 0
	admin_mutex_2 = 0
	admin_mutex_3 = 0
	CondorScratchDir = "/scratch/condor/dir_3756204"
	Cpus = 1
	Disk = 1001472
	GPUs = 0
	machine_token = 0
	Memory = 1024
...
006 (11576054.000.000) 2026-04-01 09:45:34 Image size of job updated: 58128
	57  -  MemoryUsage of job (MB)
	58128  -  ResidentSetSize of job (KB)
...
006 (11576054.000.000) 2026-04-01 09:50:35 Image size of job updated: 58508
	58  -  MemoryUsage of job (MB)
	58508  -  ResidentSetSize of job (KB)
...
006 (11576054.000.000) 2026-04-01 09:55:35 Image size of job updated: 58888
	58  -  MemoryUsage of job (MB)
	58888  -  ResidentSetSize of job (KB)
...
006 (11576054.000.000) 2026-04-01 10:00:35 Image size of job updated: 59148
	58  -  MemoryUsage of job (MB)
	59148  -  ResidentSetSize of job (KB)
...
005 (11576054.000.000) 2026-04-01 11:14:08 Job terminated.
	(1) Normal termination (return value 0)
		Usr 0 00:06:24, Sys 0 00:00:25  -  Run Remote Usage
		Usr 0 00:00:00, Sys 0 00:00:00  -  Run Local Usage
		Usr 0 00:06:24, Sys 0 00:00:25  -  Total Remote Usage
		Usr 0 00:00:00, Sys 0 00:00:00  -  Total Local Usage
	0  -  Run Bytes Sent By Job
	0  -  Run Bytes Received By Job
	0  -  Total Bytes Sent By Job
	0  -  Total Bytes Received By Job
	Partitionable Resources :    Usage  Request Allocated 
	   admin_mutex_1         :                           0 
	   admin_mutex_2         :                           0 
	   admin_mutex_3         :                           0 
	   Cpus                  :     0.08        1         1 
	   Disk (KB)             :     1     1000000   1001472 
	   GPUs                  :                           0 
	   machine_token         :                           0 
	   Memory (MB)           :    58        1000      1024 
	   TimeExecute (s)       :  5328                       
	   TimeSlotBusy (s)      :  5328                       

	Job terminated of its own accord at 2026-04-01T16:14:08Z with exit-code 0.
...
