000 (11582059.000.000) 2026-04-01 10:19:01 Job submitted from host: <10.128.10.103:9618?addrs=10.128.10.103-9618&alias=npx-submitter.icecube.wisc.edu&noUDP&sock=schedd_2477_982d>
...
001 (11582059.000.000) 2026-04-01 10:19:27 Job executing on host: <10.128.10.95:33821?addrs=10.128.10.95-33821&alias=n-r710-11.icecube.wisc.edu>
	SlotName: slot1_17@n-r710-11.icecube.wisc.edu
	admin_mutex_1 = 0
	admin_mutex_2 = 0
	admin_mutex_3 = 0
	CondorScratchDir = "/scratch/condor/dir_2470255"
	Cpus = 1
	Disk = 1001472
	GPUs = 0
	machine_token = 0
	Memory = 1024
...
006 (11582059.000.000) 2026-04-01 10:19:40 Image size of job updated: 44076
	44  -  MemoryUsage of job (MB)
	44076  -  ResidentSetSize of job (KB)
...
006 (11582059.000.000) 2026-04-01 10:24:40 Image size of job updated: 59400
	59  -  MemoryUsage of job (MB)
	59400  -  ResidentSetSize of job (KB)
...
006 (11582059.000.000) 2026-04-01 10:29:41 Image size of job updated: 59748
	59  -  MemoryUsage of job (MB)
	59748  -  ResidentSetSize of job (KB)
...
006 (11582059.000.000) 2026-04-01 10:34:41 Image size of job updated: 60096
	59  -  MemoryUsage of job (MB)
	60096  -  ResidentSetSize of job (KB)
...
006 (11582059.000.000) 2026-04-01 10:39:41 Image size of job updated: 60136
	59  -  MemoryUsage of job (MB)
	60136  -  ResidentSetSize of job (KB)
...
005 (11582059.000.000) 2026-04-01 12:07:08 Job terminated.
	(1) Normal termination (return value 0)
		Usr 0 00:16:23, Sys 0 00:00:55  -  Run Remote Usage
		Usr 0 00:00:00, Sys 0 00:00:00  -  Run Local Usage
		Usr 0 00:16:23, Sys 0 00:00:55  -  Total Remote Usage
		Usr 0 00:00:00, Sys 0 00:00:00  -  Total Local Usage
	0  -  Run Bytes Sent By Job
	0  -  Run Bytes Received By Job
	0  -  Total Bytes Sent By Job
	0  -  Total Bytes Received By Job
	Partitionable Resources :    Usage  Request Allocated 
	   admin_mutex_1         :                           0 
	   admin_mutex_2         :                           0 
	   admin_mutex_3         :                           0 
	   Cpus                  :     0.15        1         1 
	   Disk (KB)             :     1     1000000   1001472 
	   GPUs                  :                           0 
	   machine_token         :                           0 
	   Memory (MB)           :    59        1000      1024 
	   TimeExecute (s)       :  6461                       
	   TimeSlotBusy (s)      :  6461                       

	Job terminated of its own accord at 2026-04-01T17:07:08Z with exit-code 0.
...
