000 (235156312.000.000) 2025-07-24 13:18:28 Job submitted from host: <10.128.11.86:49619?addrs=10.128.11.86-49619&alias=submit-1.icecube.wisc.edu>
...
001 (235156312.000.000) 2025-07-24 13:19:00 Job executing on host: <10.128.10.34:46798?addrs=10.128.10.34-46798&alias=n-124.icecube.wisc.edu>
...
006 (235156312.000.000) 2025-07-24 13:19:09 Image size of job updated: 352444
	75  -  MemoryUsage of job (MB)
	76036  -  ResidentSetSize of job (KB)
...
006 (235156312.000.000) 2025-07-24 13:24:10 Image size of job updated: 387772
	75  -  MemoryUsage of job (MB)
	76168  -  ResidentSetSize of job (KB)
...
006 (235156312.000.000) 2025-07-24 13:29:10 Image size of job updated: 387772
	75  -  MemoryUsage of job (MB)
	76300  -  ResidentSetSize of job (KB)
...
006 (235156312.000.000) 2025-07-24 13:34:11 Image size of job updated: 387772
	75  -  MemoryUsage of job (MB)
	76564  -  ResidentSetSize of job (KB)
...
006 (235156312.000.000) 2025-07-24 13:39:12 Image size of job updated: 387772
	75  -  MemoryUsage of job (MB)
	76696  -  ResidentSetSize of job (KB)
...
006 (235156312.000.000) 2025-07-24 14:09:15 Image size of job updated: 387772
	76  -  MemoryUsage of job (MB)
	76828  -  ResidentSetSize of job (KB)
...
005 (235156312.000.000) 2025-07-24 16:25:19 Job terminated.
	(1) Normal termination (return value 0)
		Usr 0 00:20:50, Sys 0 00:00:58  -  Run Remote Usage
		Usr 0 00:00:00, Sys 0 00:00:00  -  Run Local Usage
		Usr 0 00:20:50, Sys 0 00:00:58  -  Total Remote Usage
		Usr 0 00:00:00, Sys 0 00:00:00  -  Total Local Usage
	0  -  Run Bytes Sent By Job
	0  -  Run Bytes Received By Job
	0  -  Total Bytes Sent By Job
	0  -  Total Bytes Received By Job
	Partitionable Resources :    Usage  Request Allocated 
	   admin_mutex_1         :                           0 
	   admin_mutex_2         :                           0 
	   admin_mutex_3         :                           0 
	   Cpus                  :     0.11        1         1 
	   Disk (KB)             :     1     1000000   1165874 
	   GPUs                  :                           0 
	   machine_token         :                           0 
	   Memory (MB)           :    76        1000      1024 

	Job terminated of its own accord at 2025-07-24T21:25:19Z.
...
000 (235226189.000.000) 2025-07-25 09:37:27 Job submitted from host: <10.128.11.86:49619?addrs=10.128.11.86-49619&alias=submit-1.icecube.wisc.edu>
...
001 (235226189.000.000) 2025-07-25 09:38:33 Job executing on host: <10.128.10.26:39801?addrs=10.128.10.26-39801&alias=n-116.icecube.wisc.edu>
...
006 (235226189.000.000) 2025-07-25 09:38:42 Image size of job updated: 303144
	73  -  MemoryUsage of job (MB)
	74660  -  ResidentSetSize of job (KB)
...
006 (235226189.000.000) 2025-07-25 09:43:43 Image size of job updated: 386236
	73  -  MemoryUsage of job (MB)
	74660  -  ResidentSetSize of job (KB)
...
006 (235226189.000.000) 2025-07-25 09:48:44 Image size of job updated: 386236
	74  -  MemoryUsage of job (MB)
	75188  -  ResidentSetSize of job (KB)
...
005 (235226189.000.000) 2025-07-25 12:49:28 Job terminated.
	(1) Normal termination (return value 0)
		Usr 0 00:18:57, Sys 0 00:00:55  -  Run Remote Usage
		Usr 0 00:00:00, Sys 0 00:00:00  -  Run Local Usage
		Usr 0 00:18:57, Sys 0 00:00:55  -  Total Remote Usage
		Usr 0 00:00:00, Sys 0 00:00:00  -  Total Local Usage
	0  -  Run Bytes Sent By Job
	0  -  Run Bytes Received By Job
	0  -  Total Bytes Sent By Job
	0  -  Total Bytes Received By Job
	Partitionable Resources :    Usage  Request Allocated 
	   admin_mutex_1         :                           0 
	   admin_mutex_2         :                           0 
	   admin_mutex_3         :                           0 
	   Cpus                  :     0.09        1         1 
	   Disk (KB)             :     1     1000000   1430715 
	   GPUs                  :                           0 
	   machine_token         :                           0 
	   Memory (MB)           :    74        1000      1024 

	Job terminated of its own accord at 2025-07-25T17:49:28Z.
...
