000 (235156475.000.000) 2025-07-24 13:20:29 Job submitted from host: <10.128.11.86:49619?addrs=10.128.11.86-49619&alias=submit-1.icecube.wisc.edu>
...
001 (235156475.000.000) 2025-07-24 13:21:00 Job executing on host: <10.128.10.25:47337?addrs=10.128.10.25-47337&alias=n-115.icecube.wisc.edu>
...
006 (235156475.000.000) 2025-07-24 13:21:09 Image size of job updated: 278308
	24  -  MemoryUsage of job (MB)
	23576  -  ResidentSetSize of job (KB)
...
006 (235156475.000.000) 2025-07-24 13:26:09 Image size of job updated: 398176
	85  -  MemoryUsage of job (MB)
	86928  -  ResidentSetSize of job (KB)
...
006 (235156475.000.000) 2025-07-24 13:31:09 Image size of job updated: 398176
	86  -  MemoryUsage of job (MB)
	87192  -  ResidentSetSize of job (KB)
...
006 (235156475.000.000) 2025-07-24 13:36:10 Image size of job updated: 398176
	86  -  MemoryUsage of job (MB)
	87456  -  ResidentSetSize of job (KB)
...
006 (235156475.000.000) 2025-07-24 14:41:16 Image size of job updated: 398176
	86  -  MemoryUsage of job (MB)
	87960  -  ResidentSetSize of job (KB)
...
006 (235156475.000.000) 2025-07-24 15:21:21 Image size of job updated: 398176
	87  -  MemoryUsage of job (MB)
	88120  -  ResidentSetSize of job (KB)
...
006 (235156475.000.000) 2025-07-24 16:01:25 Image size of job updated: 398176
	87  -  MemoryUsage of job (MB)
	88156  -  ResidentSetSize of job (KB)
...
006 (235156475.000.000) 2025-07-24 16:31:28 Image size of job updated: 398176
	87  -  MemoryUsage of job (MB)
	88180  -  ResidentSetSize of job (KB)
...
006 (235156475.000.000) 2025-07-24 17:01:31 Image size of job updated: 398176
	87  -  MemoryUsage of job (MB)
	88576  -  ResidentSetSize of job (KB)
...
005 (235156475.000.000) 2025-07-24 18:19:30 Job terminated.
	(1) Normal termination (return value 0)
		Usr 0 00:34:10, Sys 0 00:01:42  -  Run Remote Usage
		Usr 0 00:00:00, Sys 0 00:00:00  -  Run Local Usage
		Usr 0 00:34:10, Sys 0 00:01:42  -  Total Remote Usage
		Usr 0 00:00:00, Sys 0 00:00:00  -  Total Local Usage
	0  -  Run Bytes Sent By Job
	0  -  Run Bytes Received By Job
	0  -  Total Bytes Sent By Job
	0  -  Total Bytes Received By Job
	Partitionable Resources :    Usage  Request Allocated 
	   admin_mutex_1         :                           0 
	   admin_mutex_2         :                           0 
	   admin_mutex_3         :                           0 
	   Cpus                  :     0.12        1         1 
	   Disk (KB)             :     1     1000000   1165874 
	   GPUs                  :                           0 
	   machine_token         :                           0 
	   Memory (MB)           :    87        1000      1024 

	Job terminated of its own accord at 2025-07-24T23:19:30Z.
...
000 (235226311.000.000) 2025-07-25 09:40:01 Job submitted from host: <10.128.11.86:49619?addrs=10.128.11.86-49619&alias=submit-1.icecube.wisc.edu>
...
001 (235226311.000.000) 2025-07-25 09:40:33 Job executing on host: <10.128.10.232:34931?addrs=10.128.10.232-34931&alias=gtx-10.icecube.wisc.edu>
...
006 (235226311.000.000) 2025-07-25 09:40:42 Image size of job updated: 101252
	78  -  MemoryUsage of job (MB)
	79736  -  ResidentSetSize of job (KB)
...
006 (235226311.000.000) 2025-07-25 09:45:43 Image size of job updated: 395608
	83  -  MemoryUsage of job (MB)
	84488  -  ResidentSetSize of job (KB)
...
006 (235226311.000.000) 2025-07-25 09:50:44 Image size of job updated: 395608
	83  -  MemoryUsage of job (MB)
	84620  -  ResidentSetSize of job (KB)
...
006 (235226311.000.000) 2025-07-25 09:55:44 Image size of job updated: 395608
	83  -  MemoryUsage of job (MB)
	84752  -  ResidentSetSize of job (KB)
...
005 (235226311.000.000) 2025-07-25 14:30:53 Job terminated.
	(1) Normal termination (return value 0)
		Usr 0 00:26:47, Sys 0 00:01:26  -  Run Remote Usage
		Usr 0 00:00:00, Sys 0 00:00:00  -  Run Local Usage
		Usr 0 00:26:47, Sys 0 00:01:26  -  Total Remote Usage
		Usr 0 00:00:00, Sys 0 00:00:00  -  Total Local Usage
	0  -  Run Bytes Sent By Job
	0  -  Run Bytes Received By Job
	0  -  Total Bytes Sent By Job
	0  -  Total Bytes Received By Job
	Partitionable Resources :    Usage  Request Allocated 
	   admin_mutex_1         :                           0 
	   admin_mutex_2         :                           0 
	   admin_mutex_3         :                           0 
	   Cpus                  :     0.11        1         1 
	   Disk (KB)             :     1     1000000   1583629 
	   GPUs                  :                           0 
	   machine_token         :                           0 
	   Memory (MB)           :    83        1000      1024 

	Job terminated of its own accord at 2025-07-25T19:30:53Z.
...
000 (237168771.000.000) 2025-08-27 08:18:08 Job submitted from host: <10.128.11.86:49619?addrs=10.128.11.86-49619&alias=submit-1.icecube.wisc.edu>
...
001 (237168771.000.000) 2025-08-27 08:18:29 Job executing on host: <10.128.11.66:52132?addrs=10.128.11.66-52132&alias=n-36.icecube.wisc.edu>
...
006 (237168771.000.000) 2025-08-27 08:18:37 Image size of job updated: 91156
	69  -  MemoryUsage of job (MB)
	69772  -  ResidentSetSize of job (KB)
...
006 (237168771.000.000) 2025-08-27 08:23:37 Image size of job updated: 398176
	86  -  MemoryUsage of job (MB)
	87196  -  ResidentSetSize of job (KB)
...
006 (237168771.000.000) 2025-08-27 08:28:38 Image size of job updated: 398176
	86  -  MemoryUsage of job (MB)
	87856  -  ResidentSetSize of job (KB)
...
005 (237168771.000.000) 2025-08-27 13:45:02 Job terminated.
	(1) Normal termination (return value 0)
		Usr 0 00:18:29, Sys 0 00:01:08  -  Run Remote Usage
		Usr 0 00:00:00, Sys 0 00:00:00  -  Run Local Usage
		Usr 0 00:18:29, Sys 0 00:01:08  -  Total Remote Usage
		Usr 0 00:00:00, Sys 0 00:00:00  -  Total Local Usage
	0  -  Run Bytes Sent By Job
	0  -  Run Bytes Received By Job
	0  -  Total Bytes Sent By Job
	0  -  Total Bytes Received By Job
	Partitionable Resources :    Usage  Request Allocated 
	   admin_mutex_1         :                           0 
	   admin_mutex_2         :                           0 
	   admin_mutex_3         :                           0 
	   Cpus                  :     0.09        1         1 
	   Disk (KB)             :     1     1000000   1269171 
	   GPUs                  :                           0 
	   machine_token         :                           0 
	   Memory (MB)           :    86        1000      1024 

	Job terminated of its own accord at 2025-08-27T18:45:02Z.
...
000 (238689760.000.000) 2025-09-19 11:21:27 Job submitted from host: <10.128.11.86:49619?addrs=10.128.11.86-49619&alias=submit-1.icecube.wisc.edu>
...
001 (238689760.000.000) 2025-09-19 11:27:21 Job executing on host: <10.128.10.163:60045?addrs=10.128.10.163-60045&alias=gtx-28.icecube.wisc.edu>
...
006 (238689760.000.000) 2025-09-19 11:27:29 Image size of job updated: 106864
	83  -  MemoryUsage of job (MB)
	84424  -  ResidentSetSize of job (KB)
...
006 (238689760.000.000) 2025-09-19 11:32:29 Image size of job updated: 398172
	85  -  MemoryUsage of job (MB)
	86536  -  ResidentSetSize of job (KB)
...
006 (238689760.000.000) 2025-09-19 11:37:29 Image size of job updated: 398172
	85  -  MemoryUsage of job (MB)
	86800  -  ResidentSetSize of job (KB)
...
006 (238689760.000.000) 2025-09-19 11:42:30 Image size of job updated: 398172
	86  -  MemoryUsage of job (MB)
	87064  -  ResidentSetSize of job (KB)
...
006 (238689760.000.000) 2025-09-19 12:22:35 Image size of job updated: 398172
	86  -  MemoryUsage of job (MB)
	87196  -  ResidentSetSize of job (KB)
...
005 (238689760.000.000) 2025-09-19 16:15:33 Job terminated.
	(1) Normal termination (return value 0)
		Usr 0 00:17:12, Sys 0 00:00:58  -  Run Remote Usage
		Usr 0 00:00:00, Sys 0 00:00:00  -  Run Local Usage
		Usr 0 00:17:12, Sys 0 00:00:58  -  Total Remote Usage
		Usr 0 00:00:00, Sys 0 00:00:00  -  Total Local Usage
	0  -  Run Bytes Sent By Job
	0  -  Run Bytes Received By Job
	0  -  Total Bytes Sent By Job
	0  -  Total Bytes Received By Job
	Partitionable Resources :    Usage  Request Allocated 
	   admin_mutex_1         :                           0 
	   admin_mutex_2         :                           0 
	   admin_mutex_3         :                           0 
	   Cpus                  :     0.07        1         1 
	   Disk (KB)             :     1     1000000   1580689 
	   GPUs                  :                           0 
	   machine_token         :                           0 
	   Memory (MB)           :    86        1000      1024 

	Job terminated of its own accord at 2025-09-19T21:15:33Z.
...
000 (238721656.000.000) 2025-09-21 17:49:43 Job submitted from host: <10.128.11.86:49619?addrs=10.128.11.86-49619&alias=submit-1.icecube.wisc.edu>
...
001 (238721656.000.000) 2025-09-21 17:51:02 Job executing on host: <10.128.10.198:49798?addrs=10.128.10.198-49798&alias=st677SLM1.icecube.wisc.edu>
...
006 (238721656.000.000) 2025-09-21 17:51:11 Image size of job updated: 109768
	85  -  MemoryUsage of job (MB)
	86800  -  ResidentSetSize of job (KB)
...
006 (238721656.000.000) 2025-09-21 17:56:12 Image size of job updated: 398168
	86  -  MemoryUsage of job (MB)
	87064  -  ResidentSetSize of job (KB)
...
006 (238721656.000.000) 2025-09-21 18:06:13 Image size of job updated: 398168
	86  -  MemoryUsage of job (MB)
	87196  -  ResidentSetSize of job (KB)
...
006 (238721656.000.000) 2025-09-21 22:26:38 Image size of job updated: 398556
	86  -  MemoryUsage of job (MB)
	87592  -  ResidentSetSize of job (KB)
...
005 (238721656.000.000) 2025-09-21 22:39:02 Job terminated.
	(1) Normal termination (return value 0)
		Usr 0 00:22:25, Sys 0 00:01:04  -  Run Remote Usage
		Usr 0 00:00:00, Sys 0 00:00:00  -  Run Local Usage
		Usr 0 00:22:25, Sys 0 00:01:04  -  Total Remote Usage
		Usr 0 00:00:00, Sys 0 00:00:00  -  Total Local Usage
	0  -  Run Bytes Sent By Job
	0  -  Run Bytes Received By Job
	0  -  Total Bytes Sent By Job
	0  -  Total Bytes Received By Job
	Partitionable Resources :    Usage  Request Allocated 
	   admin_mutex_1         :                           0 
	   admin_mutex_2         :                           0 
	   admin_mutex_3         :                           0 
	   Cpus                  :     0.09        1         1 
	   Disk (KB)             :     1     1000000   3425699 
	   GPUs                  :                           0 
	   machine_token         :                           0 
	   Memory (MB)           :    86        1000      1024 

	Job terminated of its own accord at 2025-09-22T03:39:02Z.
...
000 (238728911.000.000) 2025-09-22 09:04:10 Job submitted from host: <10.128.11.86:49619?addrs=10.128.11.86-49619&alias=submit-1.icecube.wisc.edu>
...
